This file contains any messages produced by compilers while
running configure, to aid debugging if configure makes a mistake.

It was created by sgminer configure 4.2.1_gsd-1.3, which was
generated by GNU Autoconf 2.69.  Invocation command line was

  $ ./configure --enable-gridseed

## --------- ##
## Platform. ##
## --------- ##

hostname = srv3
uname -m = x86_64
uname -r = 3.11.0-17-generic
uname -s = Linux
uname -v = #31-Ubuntu SMP Mon Feb 3 21:52:43 UTC 2014

/usr/bin/uname -p = unknown
/bin/uname -X     = unknown

/bin/arch              = unknown
/usr/bin/arch -k       = unknown
/usr/convex/getsysinfo = unknown
/usr/bin/hostinfo      = unknown
/bin/machine           = unknown
/usr/bin/oslevel       = unknown
/bin/universe          = unknown

PATH: /usr/local/sbin
PATH: /usr/local/bin
PATH: /usr/sbin
PATH: /usr/bin
PATH: /sbin
PATH: /bin


## ----------- ##
## Core tests. ##
## ----------- ##

configure:2810: checking build system type
configure:2824: result: x86_64-unknown-linux-gnu
configure:2844: checking host system type
configure:2857: result: x86_64-unknown-linux-gnu
configure:2877: checking target system type
configure:2890: result: x86_64-unknown-linux-gnu
configure:2938: checking for a BSD-compatible install
configure:3006: result: /usr/bin/install -c
configure:3017: checking whether build environment is sane
configure:3072: result: yes
configure:3223: checking for a thread-safe mkdir -p
configure:3262: result: /bin/mkdir -p
configure:3270: checking for gawk
configure:3300: result: no
configure:3270: checking for mawk
configure:3286: found /usr/bin/mawk
configure:3297: result: mawk
configure:3308: checking whether make sets $(MAKE)
configure:3330: result: yes
configure:3359: checking whether make supports nested variables
configure:3376: result: yes
configure:3471: checking whether make supports nested variables
configure:3488: result: yes
configure:3511: checking for style of include used by make
configure:3539: result: GNU
configure:3610: checking for gcc
configure:3626: found /usr/bin/gcc
configure:3637: result: gcc
configure:3866: checking for C compiler version
configure:3875: gcc --version >&5
gcc (Ubuntu/Linaro 4.8.1-10ubuntu9) 4.8.1
Copyright (C) 2013 Free Software Foundation, Inc.
This is free software; see the source for copying conditions.  There is NO
warranty; not even for MERCHANTABILITY or FITNESS FOR A PARTICULAR PURPOSE.

configure:3886: $? = 0
configure:3875: gcc -v >&5
Using built-in specs.
COLLECT_GCC=gcc
COLLECT_LTO_WRAPPER=/usr/lib/gcc/x86_64-linux-gnu/4.8/lto-wrapper
Target: x86_64-linux-gnu
Configured with: ../src/configure -v --with-pkgversion='Ubuntu/Linaro 4.8.1-10ubuntu9' --with-bugurl=file:///usr/share/doc/gcc-4.8/README.Bugs --enable-languages=c,c++,java,go,d,fortran,objc,obj-c++ --prefix=/usr --program-suffix=-4.8 --enable-shared --enable-linker-build-id --libexecdir=/usr/lib --without-included-gettext --enable-threads=posix --with-gxx-include-dir=/usr/include/c++/4.8 --libdir=/usr/lib --enable-nls --with-sysroot=/ --enable-clocale=gnu --enable-libstdcxx-debug --enable-libstdcxx-time=yes --enable-gnu-unique-object --enable-plugin --with-system-zlib --disable-browser-plugin --enable-java-awt=gtk --enable-gtk-cairo --with-java-home=/usr/lib/jvm/java-1.5.0-gcj-4.8-amd64/jre --enable-java-home --with-jvm-root-dir=/usr/lib/jvm/java-1.5.0-gcj-4.8-amd64 --with-jvm-jar-dir=/usr/lib/jvm-exports/java-1.5.0-gcj-4.8-amd64 --with-arch-directory=amd64 --with-ecj-jar=/usr/share/java/eclipse-ecj.jar --enable-objc-gc --enable-multiarch --disable-werror --with-arch-32=i686 --with-abi=m64 --with-multilib-list=m32,m64,mx32 --with-tune=generic --enable-checking=release --build=x86_64-linux-gnu --host=x86_64-linux-gnu --target=x86_64-linux-gnu
Thread model: posix
gcc version 4.8.1 (Ubuntu/Linaro 4.8.1-10ubuntu9) 
configure:3886: $? = 0
configure:3875: gcc -V >&5
gcc: error: unrecognized command line option '-V'
gcc: fatal error: no input files
compilation terminated.
configure:3886: $? = 4
configure:3875: gcc -qversion >&5
gcc: error: unrecognized command line option '-qversion'
gcc: fatal error: no input files
compilation terminated.
configure:3886: $? = 4
configure:3906: checking whether the C compiler works
configure:3928: gcc    conftest.c  >&5
configure:3932: $? = 0
configure:3980: result: yes
configure:3983: checking for C compiler default output file name
configure:3985: result: a.out
configure:3991: checking for suffix of executables
configure:3998: gcc -o conftest    conftest.c  >&5
configure:4002: $? = 0
configure:4024: result: 
configure:4046: checking whether we are cross compiling
configure:4054: gcc -o conftest    conftest.c  >&5
configure:4058: $? = 0
configure:4065: ./conftest
configure:4069: $? = 0
configure:4084: result: no
configure:4089: checking for suffix of object files
configure:4111: gcc -c   conftest.c >&5
configure:4115: $? = 0
configure:4136: result: o
configure:4140: checking whether we are using the GNU C compiler
configure:4159: gcc -c   conftest.c >&5
configure:4159: $? = 0
configure:4168: result: yes
configure:4177: checking whether gcc accepts -g
configure:4197: gcc -c -g  conftest.c >&5
configure:4197: $? = 0
configure:4238: result: yes
configure:4255: checking for gcc option to accept ISO C89
configure:4318: gcc  -c -g -O2  conftest.c >&5
configure:4318: $? = 0
configure:4331: result: none needed
configure:4353: checking dependency style of gcc
configure:4464: result: gcc3
configure:4485: checking how to run the C preprocessor
configure:4516: gcc -E  conftest.c
configure:4516: $? = 0
configure:4530: gcc -E  conftest.c
conftest.c:11:28: fatal error: ac_nonexistent.h: No such file or directory
 #include <ac_nonexistent.h>
                            ^
compilation terminated.
configure:4530: $? = 1
configure: failed program was:
| /* confdefs.h */
| #define PACKAGE_NAME "sgminer"
| #define PACKAGE_TARNAME "sgminer"
| #define PACKAGE_VERSION "4.2.1_gsd-1.3"
| #define PACKAGE_STRING "sgminer 4.2.1_gsd-1.3"
| #define PACKAGE_BUGREPORT "veox@wemakethings.net"
| #define PACKAGE_URL "https://github.com/sgminer-dev/sgminer"
| #define PACKAGE "sgminer"
| #define VERSION "4.2.1_gsd-1.3"
| /* end confdefs.h.  */
| #include <ac_nonexistent.h>
configure:4555: result: gcc -E
configure:4575: gcc -E  conftest.c
configure:4575: $? = 0
configure:4589: gcc -E  conftest.c
conftest.c:11:28: fatal error: ac_nonexistent.h: No such file or directory
 #include <ac_nonexistent.h>
                            ^
compilation terminated.
configure:4589: $? = 1
configure: failed program was:
| /* confdefs.h */
| #define PACKAGE_NAME "sgminer"
| #define PACKAGE_TARNAME "sgminer"
| #define PACKAGE_VERSION "4.2.1_gsd-1.3"
| #define PACKAGE_STRING "sgminer 4.2.1_gsd-1.3"
| #define PACKAGE_BUGREPORT "veox@wemakethings.net"
| #define PACKAGE_URL "https://github.com/sgminer-dev/sgminer"
| #define PACKAGE "sgminer"
| #define VERSION "4.2.1_gsd-1.3"
| /* end confdefs.h.  */
| #include <ac_nonexistent.h>
configure:4618: checking for grep that handles long lines and -e
configure:4676: result: /bin/grep
configure:4681: checking for egrep
configure:4743: result: /bin/grep -E
configure:4748: checking for ANSI C header files
configure:4768: gcc -c -g -O2  conftest.c >&5
configure:4768: $? = 0
configure:4841: gcc -o conftest -g -O2   conftest.c  >&5
configure:4841: $? = 0
configure:4841: ./conftest
configure:4841: $? = 0
configure:4852: result: yes
configure:4865: checking for sys/types.h
configure:4865: gcc -c -g -O2  conftest.c >&5
configure:4865: $? = 0
configure:4865: result: yes
configure:4865: checking for sys/stat.h
configure:4865: gcc -c -g -O2  conftest.c >&5
configure:4865: $? = 0
configure:4865: result: yes
configure:4865: checking for stdlib.h
configure:4865: gcc -c -g -O2  conftest.c >&5
configure:4865: $? = 0
configure:4865: result: yes
configure:4865: checking for string.h
configure:4865: gcc -c -g -O2  conftest.c >&5
configure:4865: $? = 0
configure:4865: result: yes
configure:4865: checking for memory.h
configure:4865: gcc -c -g -O2  conftest.c >&5
configure:4865: $? = 0
configure:4865: result: yes
configure:4865: checking for strings.h
configure:4865: gcc -c -g -O2  conftest.c >&5
configure:4865: $? = 0
configure:4865: result: yes
configure:4865: checking for inttypes.h
configure:4865: gcc -c -g -O2  conftest.c >&5
configure:4865: $? = 0
configure:4865: result: yes
configure:4865: checking for stdint.h
configure:4865: gcc -c -g -O2  conftest.c >&5
configure:4865: $? = 0
configure:4865: result: yes
configure:4865: checking for unistd.h
configure:4865: gcc -c -g -O2  conftest.c >&5
configure:4865: $? = 0
configure:4865: result: yes
configure:4880: checking minix/config.h usability
configure:4880: gcc -c -g -O2  conftest.c >&5
conftest.c:54:26: fatal error: minix/config.h: No such file or directory
 #include <minix/config.h>
                          ^
compilation terminated.
configure:4880: $? = 1
configure: failed program was:
| /* confdefs.h */
| #define PACKAGE_NAME "sgminer"
| #define PACKAGE_TARNAME "sgminer"
| #define PACKAGE_VERSION "4.2.1_gsd-1.3"
| #define PACKAGE_STRING "sgminer 4.2.1_gsd-1.3"
| #define PACKAGE_BUGREPORT "veox@wemakethings.net"
| #define PACKAGE_URL "https://github.com/sgminer-dev/sgminer"
| #define PACKAGE "sgminer"
| #define VERSION "4.2.1_gsd-1.3"
| #define STDC_HEADERS 1
| #define HAVE_SYS_TYPES_H 1
| #define HAVE_SYS_STAT_H 1
| #define HAVE_STDLIB_H 1
| #define HAVE_STRING_H 1
| #define HAVE_MEMORY_H 1
| #define HAVE_STRINGS_H 1
| #define HAVE_INTTYPES_H 1
| #define HAVE_STDINT_H 1
| #define HAVE_UNISTD_H 1
| /* end confdefs.h.  */
| #include <stdio.h>
| #ifdef HAVE_SYS_TYPES_H
| # include <sys/types.h>
| #endif
| #ifdef HAVE_SYS_STAT_H
| # include <sys/stat.h>
| #endif
| #ifdef STDC_HEADERS
| # include <stdlib.h>
| # include <stddef.h>
| #else
| # ifdef HAVE_STDLIB_H
| #  include <stdlib.h>
| # endif
| #endif
| #ifdef HAVE_STRING_H
| # if !defined STDC_HEADERS && defined HAVE_MEMORY_H
| #  include <memory.h>
| # endif
| # include <string.h>
| #endif
| #ifdef HAVE_STRINGS_H
| # include <strings.h>
| #endif
| #ifdef HAVE_INTTYPES_H
| # include <inttypes.h>
| #endif
| #ifdef HAVE_STDINT_H
| # include <stdint.h>
| #endif
| #ifdef HAVE_UNISTD_H
| # include <unistd.h>
| #endif
| #include <minix/config.h>
configure:4880: result: no
configure:4880: checking minix/config.h presence
configure:4880: gcc -E  conftest.c
conftest.c:21:26: fatal error: minix/config.h: No such file or directory
 #include <minix/config.h>
                          ^
compilation terminated.
configure:4880: $? = 1
configure: failed program was:
| /* confdefs.h */
| #define PACKAGE_NAME "sgminer"
| #define PACKAGE_TARNAME "sgminer"
| #define PACKAGE_VERSION "4.2.1_gsd-1.3"
| #define PACKAGE_STRING "sgminer 4.2.1_gsd-1.3"
| #define PACKAGE_BUGREPORT "veox@wemakethings.net"
| #define PACKAGE_URL "https://github.com/sgminer-dev/sgminer"
| #define PACKAGE "sgminer"
| #define VERSION "4.2.1_gsd-1.3"
| #define STDC_HEADERS 1
| #define HAVE_SYS_TYPES_H 1
| #define HAVE_SYS_STAT_H 1
| #define HAVE_STDLIB_H 1
| #define HAVE_STRING_H 1
| #define HAVE_MEMORY_H 1
| #define HAVE_STRINGS_H 1
| #define HAVE_INTTYPES_H 1
| #define HAVE_STDINT_H 1
| #define HAVE_UNISTD_H 1
| /* end confdefs.h.  */
| #include <minix/config.h>
configure:4880: result: no
configure:4880: checking for minix/config.h
configure:4880: result: no
configure:4909: checking whether it is safe to define __EXTENSIONS__
configure:4927: gcc -c -g -O2  conftest.c >&5
configure:4927: $? = 0
configure:4934: result: yes
configure:4981: checking whether to enable maintainer-specific portions of Makefiles
configure:4990: result: no
configure:5052: checking for gcc
configure:5079: result: gcc
configure:5308: checking for C compiler version
configure:5317: gcc --version >&5
gcc (Ubuntu/Linaro 4.8.1-10ubuntu9) 4.8.1
Copyright (C) 2013 Free Software Foundation, Inc.
This is free software; see the source for copying conditions.  There is NO
warranty; not even for MERCHANTABILITY or FITNESS FOR A PARTICULAR PURPOSE.

configure:5328: $? = 0
configure:5317: gcc -v >&5
Using built-in specs.
COLLECT_GCC=gcc
COLLECT_LTO_WRAPPER=/usr/lib/gcc/x86_64-linux-gnu/4.8/lto-wrapper
Target: x86_64-linux-gnu
Configured with: ../src/configure -v --with-pkgversion='Ubuntu/Linaro 4.8.1-10ubuntu9' --with-bugurl=file:///usr/share/doc/gcc-4.8/README.Bugs --enable-languages=c,c++,java,go,d,fortran,objc,obj-c++ --prefix=/usr --program-suffix=-4.8 --enable-shared --enable-linker-build-id --libexecdir=/usr/lib --without-included-gettext --enable-threads=posix --with-gxx-include-dir=/usr/include/c++/4.8 --libdir=/usr/lib --enable-nls --with-sysroot=/ --enable-clocale=gnu --enable-libstdcxx-debug --enable-libstdcxx-time=yes --enable-gnu-unique-object --enable-plugin --with-system-zlib --disable-browser-plugin --enable-java-awt=gtk --enable-gtk-cairo --with-java-home=/usr/lib/jvm/java-1.5.0-gcj-4.8-amd64/jre --enable-java-home --with-jvm-root-dir=/usr/lib/jvm/java-1.5.0-gcj-4.8-amd64 --with-jvm-jar-dir=/usr/lib/jvm-exports/java-1.5.0-gcj-4.8-amd64 --with-arch-directory=amd64 --with-ecj-jar=/usr/share/java/eclipse-ecj.jar --enable-objc-gc --enable-multiarch --disable-werror --with-arch-32=i686 --with-abi=m64 --with-multilib-list=m32,m64,mx32 --with-tune=generic --enable-checking=release --build=x86_64-linux-gnu --host=x86_64-linux-gnu --target=x86_64-linux-gnu
Thread model: posix
gcc version 4.8.1 (Ubuntu/Linaro 4.8.1-10ubuntu9) 
configure:5328: $? = 0
configure:5317: gcc -V >&5
gcc: error: unrecognized command line option '-V'
gcc: fatal error: no input files
compilation terminated.
configure:5328: $? = 4
configure:5317: gcc -qversion >&5
gcc: error: unrecognized command line option '-qversion'
gcc: fatal error: no input files
compilation terminated.
configure:5328: $? = 4
configure:5332: checking whether we are using the GNU C compiler
configure:5360: result: yes
configure:5369: checking whether gcc accepts -g
configure:5430: result: yes
configure:5447: checking for gcc option to accept ISO C89
configure:5523: result: none needed
configure:5545: checking dependency style of gcc
configure:5656: result: gcc3
configure:5714: checking for ranlib
configure:5730: found /usr/bin/ranlib
configure:5741: result: ranlib
configure:5789: checking whether gcc needs -traditional
configure:5823: result: no
configure:5831: checking whether gcc and cc understand -c and -o together
configure:5862: gcc -c conftest.c -o conftest2.o >&5
configure:5866: $? = 0
configure:5872: gcc -c conftest.c -o conftest2.o >&5
configure:5876: $? = 0
configure:5887: cc -c conftest.c >&5
configure:5891: $? = 0
configure:5899: cc -c conftest.c -o conftest2.o >&5
configure:5903: $? = 0
configure:5909: cc -c conftest.c -o conftest2.o >&5
configure:5913: $? = 0
configure:5931: result: yes
configure:6002: checking how to print strings
configure:6029: result: printf
configure:6050: checking for a sed that does not truncate output
configure:6114: result: /bin/sed
configure:6132: checking for fgrep
configure:6194: result: /bin/grep -F
configure:6229: checking for ld used by gcc
configure:6296: result: /usr/bin/ld
configure:6303: checking if the linker (/usr/bin/ld) is GNU ld
configure:6318: result: yes
configure:6330: checking for BSD- or MS-compatible name lister (nm)
configure:6379: result: /usr/bin/nm -B
configure:6509: checking the name lister (/usr/bin/nm -B) interface
configure:6516: gcc -c -g -O2  conftest.c >&5
configure:6519: /usr/bin/nm -B "conftest.o"
configure:6522: output
0000000000000000 B some_variable
configure:6529: result: BSD nm
configure:6532: checking whether ln -s works
configure:6536: result: yes
configure:6544: checking the maximum length of command line arguments
configure:6675: result: 1572864
configure:6692: checking whether the shell understands some XSI constructs
configure:6702: result: yes
configure:6706: checking whether the shell understands "+="
configure:6712: result: yes
configure:6747: checking how to convert x86_64-unknown-linux-gnu file names to x86_64-unknown-linux-gnu format
configure:6787: result: func_convert_file_noop
configure:6794: checking how to convert x86_64-unknown-linux-gnu file names to toolchain format
configure:6814: result: func_convert_file_noop
configure:6821: checking for /usr/bin/ld option to reload object files
configure:6828: result: -r
configure:6902: checking for objdump
configure:6918: found /usr/bin/objdump
configure:6929: result: objdump
configure:6961: checking how to recognize dependent libraries
configure:7159: result: pass_all
configure:7244: checking for dlltool
configure:7274: result: no
configure:7304: checking how to associate runtime and link libraries
configure:7331: result: printf %s\n
configure:7391: checking for ar
configure:7407: found /usr/bin/ar
configure:7418: result: ar
configure:7455: checking for archiver @FILE support
configure:7472: gcc -c -g -O2  conftest.c >&5
configure:7472: $? = 0
configure:7475: ar cru libconftest.a @conftest.lst >&5
configure:7478: $? = 0
configure:7483: ar cru libconftest.a @conftest.lst >&5
ar: conftest.o: No such file or directory
configure:7486: $? = 1
configure:7498: result: @
configure:7556: checking for strip
configure:7572: found /usr/bin/strip
configure:7583: result: strip
configure:7655: checking for ranlib
configure:7682: result: ranlib
configure:7784: checking command to parse /usr/bin/nm -B output from gcc object
configure:7904: gcc -c -g -O2  conftest.c >&5
configure:7907: $? = 0
configure:7911: /usr/bin/nm -B conftest.o \| sed -n -e 's/^.*[ ]\([ABCDGIRSTW][ABCDGIRSTW]*\)[ ][ ]*\([_A-Za-z][_A-Za-z0-9]*\)$/\1 \2 \2/p' | sed '/ __gnu_lto/d' \> conftest.nm
configure:7914: $? = 0
configure:7980: gcc -o conftest -g -O2   conftest.c conftstm.o >&5
configure:7983: $? = 0
configure:8021: result: ok
configure:8058: checking for sysroot
configure:8088: result: no
configure:8165: gcc -c -g -O2  conftest.c >&5
configure:8168: $? = 0
configure:8351: checking for mt
configure:8367: found /bin/mt
configure:8378: result: mt
configure:8401: checking if mt is a manifest tool
configure:8407: mt '-?'
configure:8415: result: no
configure:9054: checking for dlfcn.h
configure:9054: gcc -c -g -O2  conftest.c >&5
configure:9054: $? = 0
configure:9054: result: yes
configure:9259: checking for objdir
configure:9274: result: .libs
configure:9545: checking if gcc supports -fno-rtti -fno-exceptions
configure:9563: gcc -c -g -O2  -fno-rtti -fno-exceptions conftest.c >&5
cc1: warning: command line option '-fno-rtti' is valid for C++/ObjC++ but not for C [enabled by default]
configure:9567: $? = 0
configure:9580: result: no
configure:9907: checking for gcc option to produce PIC
configure:9914: result: -fPIC -DPIC
configure:9922: checking if gcc PIC flag -fPIC -DPIC works
configure:9940: gcc -c -g -O2  -fPIC -DPIC -DPIC conftest.c >&5
configure:9944: $? = 0
configure:9957: result: yes
configure:9986: checking if gcc static flag -static works
configure:10014: result: yes
configure:10029: checking if gcc supports -c -o file.o
configure:10050: gcc -c -g -O2  -o out/conftest2.o conftest.c >&5
configure:10054: $? = 0
configure:10076: result: yes
configure:10084: checking if gcc supports -c -o file.o
configure:10131: result: yes
configure:10164: checking whether the gcc linker (/usr/bin/ld -m elf_x86_64) supports shared libraries
configure:11321: result: yes
configure:11561: checking dynamic linker characteristics
configure:12061: gcc -o conftest -g -O2   -Wl,-rpath -Wl,/foo conftest.c  >&5
configure:12061: $? = 0
configure:12295: result: GNU/Linux ld.so
configure:12402: checking how to hardcode library paths into programs
configure:12427: result: immediate
configure:12967: checking whether stripping libraries is possible
configure:12972: result: yes
configure:13007: checking if libtool supports shared libraries
configure:13009: result: yes
configure:13012: checking whether to build shared libraries
configure:13033: result: no
configure:13036: checking whether to build static libraries
configure:13040: result: yes
configure:13092: checking sys/mman.h usability
configure:13092: gcc -c -g -O2  conftest.c >&5
configure:13092: $? = 0
configure:13092: result: yes
configure:13092: checking sys/mman.h presence
configure:13092: gcc -E  conftest.c
configure:13092: $? = 0
configure:13092: result: yes
configure:13092: checking for sys/mman.h
configure:13092: result: yes
configure:13092: checking wchar.h usability
configure:13092: gcc -c -g -O2  conftest.c >&5
configure:13092: $? = 0
configure:13092: result: yes
configure:13092: checking wchar.h presence
configure:13092: gcc -E  conftest.c
configure:13092: $? = 0
configure:13092: result: yes
configure:13092: checking for wchar.h
configure:13092: result: yes
configure:13092: checking for stdint.h
configure:13092: result: yes
configure:13113: checking for mprotect
configure:13113: gcc -o conftest -g -O2   conftest.c  >&5
configure:13113: $? = 0
configure:13113: result: yes
configure:13113: checking for sigaction
configure:13113: gcc -o conftest -g -O2   conftest.c  >&5
configure:13113: $? = 0
configure:13113: result: yes
configure:13113: checking for sigaltstack
configure:13113: gcc -o conftest -g -O2   conftest.c  >&5
configure:13113: $? = 0
configure:13113: result: yes
configure:13113: checking for siginterrupt
configure:13113: gcc -o conftest -g -O2   conftest.c  >&5
configure:13113: $? = 0
configure:13113: result: yes
configure:13204: checking for mmap
configure:13204: gcc -o conftest -g -O2   conftest.c  >&5
configure:13204: $? = 0
configure:13204: result: yes
configure:13215: checking for MAP_ANONYMOUS
configure:13252: result: yes
configure:13286: checking whether memchr works
configure:13349: gcc -o conftest -g -O2   conftest.c  >&5
configure:13349: $? = 0
configure:13349: ./conftest
configure:13349: $? = 0
configure:13359: result: yes
configure:13367: checking whether memmem is declared
configure:13367: gcc -c -g -O2  conftest.c >&5
configure:13367: $? = 0
configure:13367: result: yes
configure:13385: checking for memmem
configure:13385: gcc -o conftest -g -O2   conftest.c  >&5
configure:13385: $? = 0
configure:13385: result: yes
configure:13409: checking whether memmem works
configure:13473: gcc -o conftest -g -O2   conftest.c  >&5
conftest.c: In function 'main':
conftest.c:57:7: warning: null argument where non-null required (argument 3) [-Wnonnull]
       if (memmem (haystack, 3, NULL, 0) != haystack)
       ^
configure:13473: $? = 0
configure:13473: ./conftest
configure:13473: $? = 0
configure:13484: result: yes
configure:13502: gcc -c -g -O2  conftest.c >&5
conftest.c:42:10: error: unknown type name 'not'
          not a universal capable compiler
          ^
conftest.c:42:16: error: expected '=', ',', ';', 'asm' or '__attribute__' before 'universal'
          not a universal capable compiler
                ^
conftest.c:42:16: error: unknown type name 'universal'
configure:13502: $? = 1
configure: failed program was:
| /* confdefs.h */
| #define PACKAGE_NAME "sgminer"
| #define PACKAGE_TARNAME "sgminer"
| #define PACKAGE_VERSION "4.2.1_gsd-1.3"
| #define PACKAGE_STRING "sgminer 4.2.1_gsd-1.3"
| #define PACKAGE_BUGREPORT "veox@wemakethings.net"
| #define PACKAGE_URL "https://github.com/sgminer-dev/sgminer"
| #define PACKAGE "sgminer"
| #define VERSION "4.2.1_gsd-1.3"
| #define STDC_HEADERS 1
| #define HAVE_SYS_TYPES_H 1
| #define HAVE_SYS_STAT_H 1
| #define HAVE_STDLIB_H 1
| #define HAVE_STRING_H 1
| #define HAVE_MEMORY_H 1
| #define HAVE_STRINGS_H 1
| #define HAVE_INTTYPES_H 1
| #define HAVE_STDINT_H 1
| #define HAVE_UNISTD_H 1
| #define __EXTENSIONS__ 1
| #define _ALL_SOURCE 1
| #define _GNU_SOURCE 1
| #define _POSIX_PTHREAD_SEMANTICS 1
| #define _TANDEM_SOURCE 1
| #define SGMINER_MAJOR_VERSION 4
| #define SGMINER_MINOR_VERSION 2
| #define SGMINER_MINOR_SUBVERSION 1_gsd-1.3
| #define HAVE_DLFCN_H 1
| #define LT_OBJDIR ".libs/"
| #define HAVE_SYS_MMAN_H 1
| #define HAVE_WCHAR_H 1
| #define HAVE_STDINT_H 1
| #define HAVE_MPROTECT 1
| #define HAVE_SIGACTION 1
| #define HAVE_SIGALTSTACK 1
| #define HAVE_SIGINTERRUPT 1
| #define HAVE_MAP_ANONYMOUS 1
| #define HAVE_DECL_MEMMEM 1
| #define HAVE_MEMMEM 1
| /* end confdefs.h.  */
| #ifndef __APPLE_CC__
|          not a universal capable compiler
|         #endif
|         typedef int dummy;
| 
configure:13553: checking for C/C++ restrict keyword
configure:13578: gcc -c -g -O2  conftest.c >&5
configure:13578: $? = 0
configure:13586: result: __restrict
configure:13599: checking for uid_t in sys/types.h
configure:13618: result: yes
configure:13629: checking for inline
configure:13645: gcc -c -g -O2  conftest.c >&5
configure:13645: $? = 0
configure:13653: result: inline
configure:13686: checking whether the preprocessor supports include_next
configure:13724: gcc -c -g -O2  -Iconftestd1b -Iconftestd2 conftest.c >&5
configure:13724: $? = 0
configure:13745: result: yes
configure:13766: checking whether system header files limit the line length
configure:13789: result: no
configure:13803: checking for wchar_t
configure:13820: gcc -c -g -O2  conftest.c >&5
configure:13820: $? = 0
configure:13827: result: yes
configure:13836: checking for unsigned long long int
configure:13875: gcc -o conftest -g -O2   conftest.c  >&5
configure:13875: $? = 0
configure:13884: result: yes
configure:13894: checking for long long int
configure:13932: gcc -o conftest -g -O2   conftest.c  >&5
configure:13932: $? = 0
configure:13932: ./conftest
configure:13932: $? = 0
configure:13944: result: yes
configure:14081: checking whether stdint.h conforms to C99
configure:14252: gcc -c -g -O2  conftest.c >&5
configure:14252: $? = 0
configure:14334: gcc -o conftest -g -O2   conftest.c  >&5
configure:14334: $? = 0
configure:14334: ./conftest
configure:14334: $? = 0
configure:14346: result: yes
configure:14745: checking whether memmem is declared without a macro
configure:14763: gcc -c -g -O2  conftest.c >&5
configure:14763: $? = 0
configure:14771: result: yes
configure:14745: checking whether mempcpy is declared without a macro
configure:14763: gcc -c -g -O2  conftest.c >&5
configure:14763: $? = 0
configure:14771: result: yes
configure:14745: checking whether memrchr is declared without a macro
configure:14763: gcc -c -g -O2  conftest.c >&5
configure:14763: $? = 0
configure:14771: result: yes
configure:14745: checking whether rawmemchr is declared without a macro
configure:14763: gcc -c -g -O2  conftest.c >&5
configure:14763: $? = 0
configure:14771: result: yes
configure:14745: checking whether stpcpy is declared without a macro
configure:14763: gcc -c -g -O2  conftest.c >&5
configure:14763: $? = 0
configure:14771: result: yes
configure:14745: checking whether stpncpy is declared without a macro
configure:14763: gcc -c -g -O2  conftest.c >&5
configure:14763: $? = 0
configure:14771: result: yes
configure:14745: checking whether strchrnul is declared without a macro
configure:14763: gcc -c -g -O2  conftest.c >&5
configure:14763: $? = 0
configure:14771: result: yes
configure:14745: checking whether strdup is declared without a macro
configure:14763: gcc -c -g -O2  conftest.c >&5
configure:14763: $? = 0
configure:14771: result: yes
configure:14745: checking whether strncat is declared without a macro
configure:14763: gcc -c -g -O2  conftest.c >&5
configure:14763: $? = 0
configure:14771: result: yes
configure:14745: checking whether strndup is declared without a macro
configure:14763: gcc -c -g -O2  conftest.c >&5
configure:14763: $? = 0
configure:14771: result: yes
configure:14745: checking whether strnlen is declared without a macro
configure:14763: gcc -c -g -O2  conftest.c >&5
configure:14763: $? = 0
configure:14771: result: yes
configure:14745: checking whether strpbrk is declared without a macro
configure:14763: gcc -c -g -O2  conftest.c >&5
configure:14763: $? = 0
configure:14771: result: yes
configure:14745: checking whether strsep is declared without a macro
configure:14763: gcc -c -g -O2  conftest.c >&5
configure:14763: $? = 0
configure:14771: result: yes
configure:14745: checking whether strcasestr is declared without a macro
configure:14763: gcc -c -g -O2  conftest.c >&5
configure:14763: $? = 0
configure:14771: result: yes
configure:14745: checking whether strtok_r is declared without a macro
configure:14763: gcc -c -g -O2  conftest.c >&5
configure:14763: $? = 0
configure:14771: result: yes
configure:14745: checking whether strerror_r is declared without a macro
configure:14763: gcc -c -g -O2  conftest.c >&5
configure:14763: $? = 0
configure:14771: result: yes
configure:14745: checking whether strsignal is declared without a macro
configure:14763: gcc -c -g -O2  conftest.c >&5
configure:14763: $? = 0
configure:14771: result: yes
configure:14745: checking whether strverscmp is declared without a macro
configure:14763: gcc -c -g -O2  conftest.c >&5
configure:14763: $? = 0
configure:14771: result: yes
configure:14851: checking whether memmem works in linear time
configure:14922: gcc -o conftest -g -O2   conftest.c  >&5
configure:14922: $? = 0
configure:14922: ./conftest
configure:14922: $? = 0
configure:14933: result: yes
configure:14958: checking for memmem
configure:14958: result: yes
configure:14982: checking whether memmem works
configure:15057: result: yes
configure:15103: checking for struct sigaction.sa_sigaction
configure:15103: gcc -c -g -O2  conftest.c >&5
configure:15103: $? = 0
configure:15103: result: yes
configure:15238: checking for volatile sig_atomic_t
configure:15238: gcc -c -g -O2  conftest.c >&5
configure:15238: $? = 0
configure:15238: gcc -c -g -O2  conftest.c >&5
conftest.c: In function 'main':
conftest.c:75:36: error: expected expression before ')' token
 if (sizeof ((volatile sig_atomic_t)))
                                    ^
configure:15238: $? = 1
configure: failed program was:
| /* confdefs.h */
| #define PACKAGE_NAME "sgminer"
| #define PACKAGE_TARNAME "sgminer"
| #define PACKAGE_VERSION "4.2.1_gsd-1.3"
| #define PACKAGE_STRING "sgminer 4.2.1_gsd-1.3"
| #define PACKAGE_BUGREPORT "veox@wemakethings.net"
| #define PACKAGE_URL "https://github.com/sgminer-dev/sgminer"
| #define PACKAGE "sgminer"
| #define VERSION "4.2.1_gsd-1.3"
| #define STDC_HEADERS 1
| #define HAVE_SYS_TYPES_H 1
| #define HAVE_SYS_STAT_H 1
| #define HAVE_STDLIB_H 1
| #define HAVE_STRING_H 1
| #define HAVE_MEMORY_H 1
| #define HAVE_STRINGS_H 1
| #define HAVE_INTTYPES_H 1
| #define HAVE_STDINT_H 1
| #define HAVE_UNISTD_H 1
| #define __EXTENSIONS__ 1
| #define _ALL_SOURCE 1
| #define _GNU_SOURCE 1
| #define _POSIX_PTHREAD_SEMANTICS 1
| #define _TANDEM_SOURCE 1
| #define SGMINER_MAJOR_VERSION 4
| #define SGMINER_MINOR_VERSION 2
| #define SGMINER_MINOR_SUBVERSION 1_gsd-1.3
| #define HAVE_DLFCN_H 1
| #define LT_OBJDIR ".libs/"
| #define HAVE_SYS_MMAN_H 1
| #define HAVE_WCHAR_H 1
| #define HAVE_STDINT_H 1
| #define HAVE_MPROTECT 1
| #define HAVE_SIGACTION 1
| #define HAVE_SIGALTSTACK 1
| #define HAVE_SIGINTERRUPT 1
| #define HAVE_MAP_ANONYMOUS 1
| #define HAVE_DECL_MEMMEM 1
| #define HAVE_MEMMEM 1
| #define restrict __restrict
| #define HAVE_WCHAR_T 1
| #define HAVE_UNSIGNED_LONG_LONG_INT 1
| #define HAVE_LONG_LONG_INT 1
| #define HAVE_RAW_DECL_MEMMEM 1
| #define HAVE_RAW_DECL_MEMPCPY 1
| #define HAVE_RAW_DECL_MEMRCHR 1
| #define HAVE_RAW_DECL_RAWMEMCHR 1
| #define HAVE_RAW_DECL_STPCPY 1
| #define HAVE_RAW_DECL_STPNCPY 1
| #define HAVE_RAW_DECL_STRCHRNUL 1
| #define HAVE_RAW_DECL_STRDUP 1
| #define HAVE_RAW_DECL_STRNCAT 1
| #define HAVE_RAW_DECL_STRNDUP 1
| #define HAVE_RAW_DECL_STRNLEN 1
| #define HAVE_RAW_DECL_STRPBRK 1
| #define HAVE_RAW_DECL_STRSEP 1
| #define HAVE_RAW_DECL_STRCASESTR 1
| #define HAVE_RAW_DECL_STRTOK_R 1
| #define HAVE_RAW_DECL_STRERROR_R 1
| #define HAVE_RAW_DECL_STRSIGNAL 1
| #define HAVE_RAW_DECL_STRVERSCMP 1
| #define GNULIB_TEST_MEMCHR 1
| #define HAVE_MEMMEM 1
| #define GNULIB_TEST_MEMMEM 1
| #define HAVE_STRUCT_SIGACTION_SA_SIGACTION 1
| #define GNULIB_TEST_SIGACTION 1
| /* end confdefs.h.  */
| 
| #include <signal.h>
| 
| 
| int
| main ()
| {
| if (sizeof ((volatile sig_atomic_t)))
| 	    return 0;
|   ;
|   return 0;
| }
configure:15238: result: yes
configure:15252: checking for sighandler_t
configure:15252: gcc -c -g -O2  conftest.c >&5
configure:15252: $? = 0
configure:15252: gcc -c -g -O2  conftest.c >&5
conftest.c: In function 'main':
conftest.c:75:27: error: expected expression before ')' token
 if (sizeof ((sighandler_t)))
                           ^
configure:15252: $? = 1
configure: failed program was:
| /* confdefs.h */
| #define PACKAGE_NAME "sgminer"
| #define PACKAGE_TARNAME "sgminer"
| #define PACKAGE_VERSION "4.2.1_gsd-1.3"
| #define PACKAGE_STRING "sgminer 4.2.1_gsd-1.3"
| #define PACKAGE_BUGREPORT "veox@wemakethings.net"
| #define PACKAGE_URL "https://github.com/sgminer-dev/sgminer"
| #define PACKAGE "sgminer"
| #define VERSION "4.2.1_gsd-1.3"
| #define STDC_HEADERS 1
| #define HAVE_SYS_TYPES_H 1
| #define HAVE_SYS_STAT_H 1
| #define HAVE_STDLIB_H 1
| #define HAVE_STRING_H 1
| #define HAVE_MEMORY_H 1
| #define HAVE_STRINGS_H 1
| #define HAVE_INTTYPES_H 1
| #define HAVE_STDINT_H 1
| #define HAVE_UNISTD_H 1
| #define __EXTENSIONS__ 1
| #define _ALL_SOURCE 1
| #define _GNU_SOURCE 1
| #define _POSIX_PTHREAD_SEMANTICS 1
| #define _TANDEM_SOURCE 1
| #define SGMINER_MAJOR_VERSION 4
| #define SGMINER_MINOR_VERSION 2
| #define SGMINER_MINOR_SUBVERSION 1_gsd-1.3
| #define HAVE_DLFCN_H 1
| #define LT_OBJDIR ".libs/"
| #define HAVE_SYS_MMAN_H 1
| #define HAVE_WCHAR_H 1
| #define HAVE_STDINT_H 1
| #define HAVE_MPROTECT 1
| #define HAVE_SIGACTION 1
| #define HAVE_SIGALTSTACK 1
| #define HAVE_SIGINTERRUPT 1
| #define HAVE_MAP_ANONYMOUS 1
| #define HAVE_DECL_MEMMEM 1
| #define HAVE_MEMMEM 1
| #define restrict __restrict
| #define HAVE_WCHAR_T 1
| #define HAVE_UNSIGNED_LONG_LONG_INT 1
| #define HAVE_LONG_LONG_INT 1
| #define HAVE_RAW_DECL_MEMMEM 1
| #define HAVE_RAW_DECL_MEMPCPY 1
| #define HAVE_RAW_DECL_MEMRCHR 1
| #define HAVE_RAW_DECL_RAWMEMCHR 1
| #define HAVE_RAW_DECL_STPCPY 1
| #define HAVE_RAW_DECL_STPNCPY 1
| #define HAVE_RAW_DECL_STRCHRNUL 1
| #define HAVE_RAW_DECL_STRDUP 1
| #define HAVE_RAW_DECL_STRNCAT 1
| #define HAVE_RAW_DECL_STRNDUP 1
| #define HAVE_RAW_DECL_STRNLEN 1
| #define HAVE_RAW_DECL_STRPBRK 1
| #define HAVE_RAW_DECL_STRSEP 1
| #define HAVE_RAW_DECL_STRCASESTR 1
| #define HAVE_RAW_DECL_STRTOK_R 1
| #define HAVE_RAW_DECL_STRERROR_R 1
| #define HAVE_RAW_DECL_STRSIGNAL 1
| #define HAVE_RAW_DECL_STRVERSCMP 1
| #define GNULIB_TEST_MEMCHR 1
| #define HAVE_MEMMEM 1
| #define GNULIB_TEST_MEMMEM 1
| #define HAVE_STRUCT_SIGACTION_SA_SIGACTION 1
| #define GNULIB_TEST_SIGACTION 1
| /* end confdefs.h.  */
| 
| #include <signal.h>
| 
| 
| int
| main ()
| {
| if (sizeof ((sighandler_t)))
| 	    return 0;
|   ;
|   return 0;
| }
configure:15252: result: yes
configure:15266: checking whether sigaction is declared without a macro
configure:15284: gcc -c -g -O2  conftest.c >&5
configure:15284: $? = 0
configure:15292: result: yes
configure:15266: checking whether sigaddset is declared without a macro
configure:15284: gcc -c -g -O2  conftest.c >&5
configure:15284: $? = 0
configure:15292: result: yes
configure:15266: checking whether sigdelset is declared without a macro
configure:15284: gcc -c -g -O2  conftest.c >&5
configure:15284: $? = 0
configure:15292: result: yes
configure:15266: checking whether sigemptyset is declared without a macro
configure:15284: gcc -c -g -O2  conftest.c >&5
configure:15284: $? = 0
configure:15292: result: yes
configure:15266: checking whether sigfillset is declared without a macro
configure:15284: gcc -c -g -O2  conftest.c >&5
configure:15284: $? = 0
configure:15292: result: yes
configure:15266: checking whether sigismember is declared without a macro
configure:15284: gcc -c -g -O2  conftest.c >&5
configure:15284: $? = 0
configure:15292: result: yes
configure:15266: checking whether sigpending is declared without a macro
configure:15284: gcc -c -g -O2  conftest.c >&5
configure:15284: $? = 0
configure:15292: result: yes
configure:15266: checking whether sigprocmask is declared without a macro
configure:15284: gcc -c -g -O2  conftest.c >&5
configure:15284: $? = 0
configure:15292: result: yes
configure:15321: checking for sigprocmask
configure:15321: gcc -o conftest -g -O2   conftest.c  >&5
configure:15321: $? = 0
configure:15321: result: yes
configure:15388: checking whether NULL can be used in arbitrary expressions
configure:15406: gcc -c -g -O2  conftest.c >&5
configure:15406: $? = 0
configure:15413: result: yes
configure:15528: checking for ANSI C header files
configure:15632: result: yes
configure:15642: checking syslog.h usability
configure:15642: gcc -c -g -O2  conftest.c >&5
configure:15642: $? = 0
configure:15642: result: yes
configure:15642: checking syslog.h presence
configure:15642: gcc -E  conftest.c
configure:15642: $? = 0
configure:15642: result: yes
configure:15642: checking for syslog.h
configure:15642: result: yes
configure:15653: checking for size_t
configure:15653: gcc -c -g -O2  conftest.c >&5
configure:15653: $? = 0
configure:15653: gcc -c -g -O2  conftest.c >&5
conftest.c: In function 'main':
conftest.c:115:21: error: expected expression before ')' token
 if (sizeof ((size_t)))
                     ^
configure:15653: $? = 1
configure: failed program was:
| /* confdefs.h */
| #define PACKAGE_NAME "sgminer"
| #define PACKAGE_TARNAME "sgminer"
| #define PACKAGE_VERSION "4.2.1_gsd-1.3"
| #define PACKAGE_STRING "sgminer 4.2.1_gsd-1.3"
| #define PACKAGE_BUGREPORT "veox@wemakethings.net"
| #define PACKAGE_URL "https://github.com/sgminer-dev/sgminer"
| #define PACKAGE "sgminer"
| #define VERSION "4.2.1_gsd-1.3"
| #define STDC_HEADERS 1
| #define HAVE_SYS_TYPES_H 1
| #define HAVE_SYS_STAT_H 1
| #define HAVE_STDLIB_H 1
| #define HAVE_STRING_H 1
| #define HAVE_MEMORY_H 1
| #define HAVE_STRINGS_H 1
| #define HAVE_INTTYPES_H 1
| #define HAVE_STDINT_H 1
| #define HAVE_UNISTD_H 1
| #define __EXTENSIONS__ 1
| #define _ALL_SOURCE 1
| #define _GNU_SOURCE 1
| #define _POSIX_PTHREAD_SEMANTICS 1
| #define _TANDEM_SOURCE 1
| #define SGMINER_MAJOR_VERSION 4
| #define SGMINER_MINOR_VERSION 2
| #define SGMINER_MINOR_SUBVERSION 1_gsd-1.3
| #define HAVE_DLFCN_H 1
| #define LT_OBJDIR ".libs/"
| #define HAVE_SYS_MMAN_H 1
| #define HAVE_WCHAR_H 1
| #define HAVE_STDINT_H 1
| #define HAVE_MPROTECT 1
| #define HAVE_SIGACTION 1
| #define HAVE_SIGALTSTACK 1
| #define HAVE_SIGINTERRUPT 1
| #define HAVE_MAP_ANONYMOUS 1
| #define HAVE_DECL_MEMMEM 1
| #define HAVE_MEMMEM 1
| #define restrict __restrict
| #define HAVE_WCHAR_T 1
| #define HAVE_UNSIGNED_LONG_LONG_INT 1
| #define HAVE_LONG_LONG_INT 1
| #define HAVE_RAW_DECL_MEMMEM 1
| #define HAVE_RAW_DECL_MEMPCPY 1
| #define HAVE_RAW_DECL_MEMRCHR 1
| #define HAVE_RAW_DECL_RAWMEMCHR 1
| #define HAVE_RAW_DECL_STPCPY 1
| #define HAVE_RAW_DECL_STPNCPY 1
| #define HAVE_RAW_DECL_STRCHRNUL 1
| #define HAVE_RAW_DECL_STRDUP 1
| #define HAVE_RAW_DECL_STRNCAT 1
| #define HAVE_RAW_DECL_STRNDUP 1
| #define HAVE_RAW_DECL_STRNLEN 1
| #define HAVE_RAW_DECL_STRPBRK 1
| #define HAVE_RAW_DECL_STRSEP 1
| #define HAVE_RAW_DECL_STRCASESTR 1
| #define HAVE_RAW_DECL_STRTOK_R 1
| #define HAVE_RAW_DECL_STRERROR_R 1
| #define HAVE_RAW_DECL_STRSIGNAL 1
| #define HAVE_RAW_DECL_STRVERSCMP 1
| #define GNULIB_TEST_MEMCHR 1
| #define HAVE_MEMMEM 1
| #define GNULIB_TEST_MEMMEM 1
| #define HAVE_STRUCT_SIGACTION_SA_SIGACTION 1
| #define GNULIB_TEST_SIGACTION 1
| #define HAVE_RAW_DECL_SIGACTION 1
| #define HAVE_RAW_DECL_SIGADDSET 1
| #define HAVE_RAW_DECL_SIGDELSET 1
| #define HAVE_RAW_DECL_SIGEMPTYSET 1
| #define HAVE_RAW_DECL_SIGFILLSET 1
| #define HAVE_RAW_DECL_SIGISMEMBER 1
| #define HAVE_RAW_DECL_SIGPENDING 1
| #define HAVE_RAW_DECL_SIGPROCMASK 1
| #define GNULIB_TEST_SIGPROCMASK 1
| #define STDC_HEADERS 1
| #define HAVE_SYSLOG_H 1
| /* end confdefs.h.  */
| #include <stdio.h>
| #ifdef HAVE_SYS_TYPES_H
| # include <sys/types.h>
| #endif
| #ifdef HAVE_SYS_STAT_H
| # include <sys/stat.h>
| #endif
| #ifdef STDC_HEADERS
| # include <stdlib.h>
| # include <stddef.h>
| #else
| # ifdef HAVE_STDLIB_H
| #  include <stdlib.h>
| # endif
| #endif
| #ifdef HAVE_STRING_H
| # if !defined STDC_HEADERS && defined HAVE_MEMORY_H
| #  include <memory.h>
| # endif
| # include <string.h>
| #endif
| #ifdef HAVE_STRINGS_H
| # include <strings.h>
| #endif
| #ifdef HAVE_INTTYPES_H
| # include <inttypes.h>
| #endif
| #ifdef HAVE_STDINT_H
| # include <stdint.h>
| #endif
| #ifdef HAVE_UNISTD_H
| # include <unistd.h>
| #endif
| int
| main ()
| {
| if (sizeof ((size_t)))
| 	    return 0;
|   ;
|   return 0;
| }
configure:15653: result: yes
configure:15666: checking for working alloca.h
configure:15683: gcc -o conftest -g -O2   conftest.c  >&5
configure:15683: $? = 0
configure:15691: result: yes
configure:15699: checking for alloca
configure:15736: gcc -o conftest -g -O2   conftest.c  >&5
configure:15736: $? = 0
configure:15744: result: yes
configure:15929: checking for OpenCL
configure:15952: gcc -o conftest -g -O2 -I/opt/AMDAPP/include    conftest.c  -L/opt/AMDAPP/lib/x86_64 -lOpenCL >&5
configure:15952: $? = 0
configure:15953: result: yes
configure:16022: checking for pthread_create in -lpthread
configure:16047: gcc -o conftest -g -O2   conftest.c -lpthread   >&5
configure:16047: $? = 0
configure:16056: result: yes
configure:16096: checking for ./ADL_SDK/adl_sdk.h
configure:16110: result: yes
configure:16210: checking for library containing addstr
configure:16241: gcc -o conftest -g -O2   conftest.c -lpthread  >&5
/tmp/ccGMWcOs.o: In function `main':
/home/test/sgminer-gridseed-GBlade/conftest.c:95: undefined reference to `addstr'
collect2: error: ld returned 1 exit status
configure:16241: $? = 1
configure: failed program was:
| /* confdefs.h */
| #define PACKAGE_NAME "sgminer"
| #define PACKAGE_TARNAME "sgminer"
| #define PACKAGE_VERSION "4.2.1_gsd-1.3"
| #define PACKAGE_STRING "sgminer 4.2.1_gsd-1.3"
| #define PACKAGE_BUGREPORT "veox@wemakethings.net"
| #define PACKAGE_URL "https://github.com/sgminer-dev/sgminer"
| #define PACKAGE "sgminer"
| #define VERSION "4.2.1_gsd-1.3"
| #define STDC_HEADERS 1
| #define HAVE_SYS_TYPES_H 1
| #define HAVE_SYS_STAT_H 1
| #define HAVE_STDLIB_H 1
| #define HAVE_STRING_H 1
| #define HAVE_MEMORY_H 1
| #define HAVE_STRINGS_H 1
| #define HAVE_INTTYPES_H 1
| #define HAVE_STDINT_H 1
| #define HAVE_UNISTD_H 1
| #define __EXTENSIONS__ 1
| #define _ALL_SOURCE 1
| #define _GNU_SOURCE 1
| #define _POSIX_PTHREAD_SEMANTICS 1
| #define _TANDEM_SOURCE 1
| #define SGMINER_MAJOR_VERSION 4
| #define SGMINER_MINOR_VERSION 2
| #define SGMINER_MINOR_SUBVERSION 1_gsd-1.3
| #define HAVE_DLFCN_H 1
| #define LT_OBJDIR ".libs/"
| #define HAVE_SYS_MMAN_H 1
| #define HAVE_WCHAR_H 1
| #define HAVE_STDINT_H 1
| #define HAVE_MPROTECT 1
| #define HAVE_SIGACTION 1
| #define HAVE_SIGALTSTACK 1
| #define HAVE_SIGINTERRUPT 1
| #define HAVE_MAP_ANONYMOUS 1
| #define HAVE_DECL_MEMMEM 1
| #define HAVE_MEMMEM 1
| #define restrict __restrict
| #define HAVE_WCHAR_T 1
| #define HAVE_UNSIGNED_LONG_LONG_INT 1
| #define HAVE_LONG_LONG_INT 1
| #define HAVE_RAW_DECL_MEMMEM 1
| #define HAVE_RAW_DECL_MEMPCPY 1
| #define HAVE_RAW_DECL_MEMRCHR 1
| #define HAVE_RAW_DECL_RAWMEMCHR 1
| #define HAVE_RAW_DECL_STPCPY 1
| #define HAVE_RAW_DECL_STPNCPY 1
| #define HAVE_RAW_DECL_STRCHRNUL 1
| #define HAVE_RAW_DECL_STRDUP 1
| #define HAVE_RAW_DECL_STRNCAT 1
| #define HAVE_RAW_DECL_STRNDUP 1
| #define HAVE_RAW_DECL_STRNLEN 1
| #define HAVE_RAW_DECL_STRPBRK 1
| #define HAVE_RAW_DECL_STRSEP 1
| #define HAVE_RAW_DECL_STRCASESTR 1
| #define HAVE_RAW_DECL_STRTOK_R 1
| #define HAVE_RAW_DECL_STRERROR_R 1
| #define HAVE_RAW_DECL_STRSIGNAL 1
| #define HAVE_RAW_DECL_STRVERSCMP 1
| #define GNULIB_TEST_MEMCHR 1
| #define HAVE_MEMMEM 1
| #define GNULIB_TEST_MEMMEM 1
| #define HAVE_STRUCT_SIGACTION_SA_SIGACTION 1
| #define GNULIB_TEST_SIGACTION 1
| #define HAVE_RAW_DECL_SIGACTION 1
| #define HAVE_RAW_DECL_SIGADDSET 1
| #define HAVE_RAW_DECL_SIGDELSET 1
| #define HAVE_RAW_DECL_SIGEMPTYSET 1
| #define HAVE_RAW_DECL_SIGFILLSET 1
| #define HAVE_RAW_DECL_SIGISMEMBER 1
| #define HAVE_RAW_DECL_SIGPENDING 1
| #define HAVE_RAW_DECL_SIGPROCMASK 1
| #define GNULIB_TEST_SIGPROCMASK 1
| #define STDC_HEADERS 1
| #define HAVE_SYSLOG_H 1
| #define HAVE_ALLOCA_H 1
| #define HAVE_ALLOCA 1
| #define HAVE_LIBPTHREAD 1
| #define HAVE_ADL 1
| #define USE_GRIDSEED 1
| /* end confdefs.h.  */
| 
| /* Override any GCC internal prototype to avoid an error.
|    Use char because int might match the return type of a GCC
|    builtin and then its argument prototype would still apply.  */
| #ifdef __cplusplus
| extern "C"
| #endif
| char addstr ();
| int
| main ()
| {
| return addstr ();
|   ;
|   return 0;
| }
configure:16241: gcc -o conftest -g -O2   conftest.c -lncurses  -lpthread  >&5
configure:16241: $? = 0
configure:16258: result: -lncurses
configure:16370: checking for pkg-config
configure:16388: found /usr/bin/pkg-config
configure:16400: result: /usr/bin/pkg-config
configure:16425: checking pkg-config is at least version 0.9.0
configure:16428: result: yes
configure:16585: checking for LIBCURL
configure:16592: $PKG_CONFIG --exists --print-errors "libcurl >= 7.25.0"
configure:16595: $? = 0
configure:16609: $PKG_CONFIG --exists --print-errors "libcurl >= 7.25.0"
configure:16612: $? = 0
configure:16790: result: yes
configure:16880: checking whether to use git version if available
configure:16887: checking for git
configure:16903: found /usr/bin/git
configure:16914: result: git
configure:16925: checking for .git/
configure:16938: result: yes
configure:16973: gcc -c -g -O2  conftest.c >&5
configure:16973: $? = 0
configure:17010: gcc -c -g -O2  conftest.c >&5
configure:17010: $? = 0
configure:17020: gcc -c -g -O2  conftest.c >&5
configure:17020: $? = 0
configure:17030: gcc -c -g -O2  conftest.c >&5
conftest.c: In function 'cleanup':
conftest.c:92:55: warning: incompatible implicit declaration of built-in function 'exit' [enabled by default]
 static void __attribute__((noreturn)) cleanup(void) { exit(1); }
                                                       ^
configure:17030: $? = 0
configure:17040: gcc -c -g -O2  conftest.c >&5
configure:17040: $? = 0
configure:17050: gcc -c -g -O2  conftest.c >&5
configure:17050: $? = 0
configure:17060: gcc -c -g -O2  conftest.c >&5
configure:17060: $? = 0
configure:17070: gcc -o conftest -g -O2   conftest.c -lncurses -lpthread  >&5
configure:17070: $? = 0
configure:17081: gcc -o conftest -g -O2   conftest.c -lncurses -lpthread  >&5
configure:17081: $? = 0
configure:17092: gcc -c -g -O2  conftest.c >&5
configure:17092: $? = 0
configure:17234: checking that generated files are newer than configure
configure:17240: result: done
configure:17343: creating ./config.status

## ---------------------- ##
## Running config.status. ##
## ---------------------- ##

This file was extended by sgminer config.status 4.2.1_gsd-1.3, which was
generated by GNU Autoconf 2.69.  Invocation command line was

  CONFIG_FILES    = 
  CONFIG_HEADERS  = 
  CONFIG_LINKS    = 
  CONFIG_COMMANDS = 
  $ ./config.status 

on srv3

config.status:1338: creating Makefile
config.status:1338: creating compat/Makefile
config.status:1338: creating ccan/Makefile
config.status:1338: creating lib/Makefile
config.status:1338: creating config.h
config.status:1519: config.h is unchanged
config.status:1567: executing depfiles commands
config.status:1567: executing libtool commands
configure:19637: === configuring in compat/jansson-2.5 (/home/test/sgminer-gridseed-GBlade/compat/jansson-2.5)
configure:19700: running /bin/bash ./configure --disable-option-checking '--prefix=/usr/local'  '--enable-gridseed' --cache-file=/dev/null --srcdir=.
configure:19637: === configuring in compat/libusb-1.0 (/home/test/sgminer-gridseed-GBlade/compat/libusb-1.0)
configure:19700: running /bin/bash ./configure --disable-option-checking '--prefix=/usr/local'  '--enable-gridseed' --cache-file=/dev/null --srcdir=.

## ---------------- ##
## Cache variables. ##
## ---------------- ##

ac_cv_build=x86_64-unknown-linux-gnu
ac_cv_c_compiler_gnu=yes
ac_cv_c_inline=inline
ac_cv_c_restrict=__restrict
ac_cv_env_CC_set=
ac_cv_env_CC_value=
ac_cv_env_CFLAGS_set=
ac_cv_env_CFLAGS_value=
ac_cv_env_CPPFLAGS_set=
ac_cv_env_CPPFLAGS_value=
ac_cv_env_CPP_set=
ac_cv_env_CPP_value=
ac_cv_env_LDFLAGS_set=
ac_cv_env_LDFLAGS_value=
ac_cv_env_LIBCURL_CFLAGS_set=
ac_cv_env_LIBCURL_CFLAGS_value=
ac_cv_env_LIBCURL_LIBS_set=
ac_cv_env_LIBCURL_LIBS_value=
ac_cv_env_LIBS_set=
ac_cv_env_LIBS_value=
ac_cv_env_LIBUSB_CFLAGS_set=
ac_cv_env_LIBUSB_CFLAGS_value=
ac_cv_env_LIBUSB_LIBS_set=
ac_cv_env_LIBUSB_LIBS_value=
ac_cv_env_PKG_CONFIG_LIBDIR_set=
ac_cv_env_PKG_CONFIG_LIBDIR_value=
ac_cv_env_PKG_CONFIG_PATH_set=
ac_cv_env_PKG_CONFIG_PATH_value=
ac_cv_env_PKG_CONFIG_set=
ac_cv_env_PKG_CONFIG_value=
ac_cv_env_build_alias_set=
ac_cv_env_build_alias_value=
ac_cv_env_host_alias_set=
ac_cv_env_host_alias_value=
ac_cv_env_target_alias_set=
ac_cv_env_target_alias_value=
ac_cv_file___ADL_SDK_adl_sdk_h=yes
ac_cv_file__git_=yes
ac_cv_func_alloca_works=yes
ac_cv_func_memmem=yes
ac_cv_func_mmap=yes
ac_cv_func_mprotect=yes
ac_cv_func_sigaction=yes
ac_cv_func_sigaltstack=yes
ac_cv_func_siginterrupt=yes
ac_cv_func_sigprocmask=yes
ac_cv_have_decl_memmem=yes
ac_cv_have_decl_mempcpy=yes
ac_cv_have_decl_memrchr=yes
ac_cv_have_decl_rawmemchr=yes
ac_cv_have_decl_sigaction=yes
ac_cv_have_decl_sigaddset=yes
ac_cv_have_decl_sigdelset=yes
ac_cv_have_decl_sigemptyset=yes
ac_cv_have_decl_sigfillset=yes
ac_cv_have_decl_sigismember=yes
ac_cv_have_decl_sigpending=yes
ac_cv_have_decl_sigprocmask=yes
ac_cv_have_decl_stpcpy=yes
ac_cv_have_decl_stpncpy=yes
ac_cv_have_decl_strcasestr=yes
ac_cv_have_decl_strchrnul=yes
ac_cv_have_decl_strdup=yes
ac_cv_have_decl_strerror_r=yes
ac_cv_have_decl_strncat=yes
ac_cv_have_decl_strndup=yes
ac_cv_have_decl_strnlen=yes
ac_cv_have_decl_strpbrk=yes
ac_cv_have_decl_strsep=yes
ac_cv_have_decl_strsignal=yes
ac_cv_have_decl_strtok_r=yes
ac_cv_have_decl_strverscmp=yes
ac_cv_header_dlfcn_h=yes
ac_cv_header_inttypes_h=yes
ac_cv_header_memory_h=yes
ac_cv_header_minix_config_h=no
ac_cv_header_stdc=yes
ac_cv_header_stdint_h=yes
ac_cv_header_stdlib_h=yes
ac_cv_header_string_h=yes
ac_cv_header_strings_h=yes
ac_cv_header_sys_mman_h=yes
ac_cv_header_sys_stat_h=yes
ac_cv_header_sys_types_h=yes
ac_cv_header_syslog_h=yes
ac_cv_header_unistd_h=yes
ac_cv_header_wchar_h=yes
ac_cv_host=x86_64-unknown-linux-gnu
ac_cv_lib_pthread_pthread_create=yes
ac_cv_member_struct_sigaction_sa_sigaction=yes
ac_cv_objext=o
ac_cv_path_EGREP='/bin/grep -E'
ac_cv_path_FGREP='/bin/grep -F'
ac_cv_path_GREP=/bin/grep
ac_cv_path_SED=/bin/sed
ac_cv_path_ac_pt_PKG_CONFIG=/usr/bin/pkg-config
ac_cv_path_install='/usr/bin/install -c'
ac_cv_path_mkdir=/bin/mkdir
ac_cv_prog_AWK=mawk
ac_cv_prog_CPP='gcc -E'
ac_cv_prog_GIT=git
ac_cv_prog_ac_ct_AR=ar
ac_cv_prog_ac_ct_CC=gcc
ac_cv_prog_ac_ct_MANIFEST_TOOL=mt
ac_cv_prog_ac_ct_OBJDUMP=objdump
ac_cv_prog_ac_ct_RANLIB=ranlib
ac_cv_prog_ac_ct_STRIP=strip
ac_cv_prog_cc_c89=
ac_cv_prog_cc_g=yes
ac_cv_prog_cc_gcc_c_o=yes
ac_cv_prog_gcc_traditional=no
ac_cv_prog_make_make_set=yes
ac_cv_safe_to_define___extensions__=yes
ac_cv_search_addstr=-lncurses
ac_cv_target=x86_64-unknown-linux-gnu
ac_cv_type_long_long_int=yes
ac_cv_type_sighandler_t=yes
ac_cv_type_size_t=yes
ac_cv_type_uid_t=yes
ac_cv_type_unsigned_long_long_int=yes
ac_cv_type_volatile_sig_atomic_t=yes
ac_cv_working_alloca_h=yes
am_cv_CC_dependencies_compiler_type=gcc3
am_cv_make_support_nested_variables=yes
gl_cv_c_multiarch=no
gl_cv_decl_null_works=yes
gl_cv_func_memchr_works=yes
gl_cv_func_memmem_works_always=yes
gl_cv_func_memmem_works_fast=yes
gl_cv_func_sigprocmask=1
gl_cv_have_include_next=yes
gl_cv_have_raw_decl_memmem=yes
gl_cv_have_raw_decl_mempcpy=yes
gl_cv_have_raw_decl_memrchr=yes
gl_cv_have_raw_decl_rawmemchr=yes
gl_cv_have_raw_decl_sigaction=yes
gl_cv_have_raw_decl_sigaddset=yes
gl_cv_have_raw_decl_sigdelset=yes
gl_cv_have_raw_decl_sigemptyset=yes
gl_cv_have_raw_decl_sigfillset=yes
gl_cv_have_raw_decl_sigismember=yes
gl_cv_have_raw_decl_sigpending=yes
gl_cv_have_raw_decl_sigprocmask=yes
gl_cv_have_raw_decl_stpcpy=yes
gl_cv_have_raw_decl_stpncpy=yes
gl_cv_have_raw_decl_strcasestr=yes
gl_cv_have_raw_decl_strchrnul=yes
gl_cv_have_raw_decl_strdup=yes
gl_cv_have_raw_decl_strerror_r=yes
gl_cv_have_raw_decl_strncat=yes
gl_cv_have_raw_decl_strndup=yes
gl_cv_have_raw_decl_strnlen=yes
gl_cv_have_raw_decl_strpbrk=yes
gl_cv_have_raw_decl_strsep=yes
gl_cv_have_raw_decl_strsignal=yes
gl_cv_have_raw_decl_strtok_r=yes
gl_cv_have_raw_decl_strverscmp=yes
gl_cv_header_working_stdint_h=yes
gl_cv_next_signal_h='<signal.h>'
gl_cv_next_stdint_h='<stdint.h>'
gl_cv_next_string_h='<string.h>'
gl_cv_pragma_columns=no
gt_cv_c_wchar_t=yes
lt_cv_ar_at_file=@
lt_cv_deplibs_check_method=pass_all
lt_cv_file_magic_cmd='$MAGIC_CMD'
lt_cv_file_magic_test_file=
lt_cv_ld_reload_flag=-r
lt_cv_nm_interface='BSD nm'
lt_cv_objdir=.libs
lt_cv_path_LD=/usr/bin/ld
lt_cv_path_NM='/usr/bin/nm -B'
lt_cv_path_mainfest_tool=no
lt_cv_prog_compiler_c_o=yes
lt_cv_prog_compiler_pic='-fPIC -DPIC'
lt_cv_prog_compiler_pic_works=yes
lt_cv_prog_compiler_rtti_exceptions=no
lt_cv_prog_compiler_static_works=yes
lt_cv_prog_gnu_ld=yes
lt_cv_sharedlib_from_linklib_cmd='printf %s\n'
lt_cv_shlibpath_overrides_runpath=no
lt_cv_sys_global_symbol_pipe='sed -n -e '\''s/^.*[	 ]\([ABCDGIRSTW][ABCDGIRSTW]*\)[	 ][	 ]*\([_A-Za-z][_A-Za-z0-9]*\)$/\1 \2 \2/p'\'' | sed '\''/ __gnu_lto/d'\'''
lt_cv_sys_global_symbol_to_c_name_address='sed -n -e '\''s/^: \([^ ]*\)[ ]*$/  {\"\1\", (void *) 0},/p'\'' -e '\''s/^[ABCDGIRSTW]* \([^ ]*\) \([^ ]*\)$/  {"\2", (void *) \&\2},/p'\'''
lt_cv_sys_global_symbol_to_c_name_address_lib_prefix='sed -n -e '\''s/^: \([^ ]*\)[ ]*$/  {\"\1\", (void *) 0},/p'\'' -e '\''s/^[ABCDGIRSTW]* \([^ ]*\) \(lib[^ ]*\)$/  {"\2", (void *) \&\2},/p'\'' -e '\''s/^[ABCDGIRSTW]* \([^ ]*\) \([^ ]*\)$/  {"lib\2", (void *) \&\2},/p'\'''
lt_cv_sys_global_symbol_to_cdecl='sed -n -e '\''s/^T .* \(.*\)$/extern int \1();/p'\'' -e '\''s/^[ABCDGIRSTW]* .* \(.*\)$/extern char \1;/p'\'''
lt_cv_sys_max_cmd_len=1572864
lt_cv_to_host_file_cmd=func_convert_file_noop
lt_cv_to_tool_file_cmd=func_convert_file_noop
pkg_cv_LIBCURL_CFLAGS=' '
pkg_cv_LIBCURL_LIBS='-lcurl  '

## ----------------- ##
## Output variables. ##
## ----------------- ##

ACLOCAL='${SHELL} /home/test/sgminer-gridseed-GBlade/missing aclocal-1.13'
ADL_CPPFLAGS='-I.'
ALLOCA=''
AMDEPBACKSLASH='\'
AMDEP_FALSE='#'
AMDEP_TRUE=''
AMTAR='$${TAR-tar}'
AM_BACKSLASH='\'
AM_DEFAULT_V='$(AM_DEFAULT_VERBOSITY)'
AM_DEFAULT_VERBOSITY='0'
AM_V='$(V)'
APPLE_UNIVERSAL_BUILD='0'
AR='ar'
AUTOCONF='${SHELL} /home/test/sgminer-gridseed-GBlade/missing autoconf'
AUTOHEADER='${SHELL} /home/test/sgminer-gridseed-GBlade/missing autoheader'
AUTOMAKE='${SHELL} /home/test/sgminer-gridseed-GBlade/missing automake-1.13'
AWK='mawk'
BITSIZEOF_PTRDIFF_T=''
BITSIZEOF_SIG_ATOMIC_T=''
BITSIZEOF_SIZE_T=''
BITSIZEOF_WCHAR_T=''
BITSIZEOF_WINT_T=''
CC='gcc'
CCDEPMODE='depmode=gcc3'
CFLAGS='-g -O2'
CPP='gcc -E'
CPPFLAGS=''
CYGPATH_W='echo'
DEFS='-DHAVE_CONFIG_H'
DEPDIR='.deps'
DLLTOOL='false'
DLOPEN_FLAGS='-ldl'
DSYMUTIL=''
DUMPBIN=''
ECHO_C=''
ECHO_N='-n'
ECHO_T=''
EGREP='/bin/grep -E'
EXEEXT=''
FGREP='/bin/grep -F'
GIT='git'
GL_COND_LIBTOOL_FALSE=''
GL_COND_LIBTOOL_TRUE='#'
GL_GENERATE_STDDEF_H_FALSE=''
GL_GENERATE_STDDEF_H_TRUE='#'
GL_GENERATE_STDINT_H_FALSE=''
GL_GENERATE_STDINT_H_TRUE='#'
GNULIB_MBSCASECMP='0'
GNULIB_MBSCASESTR='0'
GNULIB_MBSCHR='0'
GNULIB_MBSCSPN='0'
GNULIB_MBSLEN='0'
GNULIB_MBSNCASECMP='0'
GNULIB_MBSNLEN='0'
GNULIB_MBSPBRK='0'
GNULIB_MBSPCASECMP='0'
GNULIB_MBSRCHR='0'
GNULIB_MBSSEP='0'
GNULIB_MBSSPN='0'
GNULIB_MBSSTR='0'
GNULIB_MBSTOK_R='0'
GNULIB_MEMCHR='1'
GNULIB_MEMMEM='1'
GNULIB_MEMPCPY='0'
GNULIB_MEMRCHR='0'
GNULIB_RAWMEMCHR='0'
GNULIB_SIGACTION='1'
GNULIB_SIGNAL_H_SIGPIPE='0'
GNULIB_SIGPROCMASK='1'
GNULIB_STPCPY='0'
GNULIB_STPNCPY='0'
GNULIB_STRCASESTR='0'
GNULIB_STRCHRNUL='0'
GNULIB_STRDUP='0'
GNULIB_STRERROR='0'
GNULIB_STRERROR_R='0'
GNULIB_STRNCAT='0'
GNULIB_STRNDUP='0'
GNULIB_STRNLEN='0'
GNULIB_STRPBRK='0'
GNULIB_STRSEP='0'
GNULIB_STRSIGNAL='0'
GNULIB_STRSTR='0'
GNULIB_STRTOK_R='0'
GNULIB_STRVERSCMP='0'
GREP='/bin/grep'
HAS_GRIDSEED_FALSE='#'
HAS_GRIDSEED_TRUE=''
HAVE_CURSES_FALSE='#'
HAVE_CURSES_TRUE=''
HAVE_DECL_MEMMEM='1'
HAVE_DECL_MEMRCHR='1'
HAVE_DECL_STRDUP='1'
HAVE_DECL_STRERROR_R='1'
HAVE_DECL_STRNDUP='1'
HAVE_DECL_STRNLEN='1'
HAVE_DECL_STRSIGNAL='1'
HAVE_DECL_STRTOK_R='1'
HAVE_INTTYPES_H='1'
HAVE_LONG_LONG_INT='1'
HAVE_MBSLEN='0'
HAVE_MEMCHR='1'
HAVE_MEMPCPY='1'
HAVE_POSIX_SIGNALBLOCKING='1'
HAVE_RAWMEMCHR='1'
HAVE_SIGACTION='1'
HAVE_SIGHANDLER_T='1'
HAVE_SIGINFO_T='1'
HAVE_SIGNED_SIG_ATOMIC_T=''
HAVE_SIGNED_WCHAR_T=''
HAVE_SIGNED_WINT_T=''
HAVE_SIGSET_T='1'
HAVE_STDINT_H='1'
HAVE_STPCPY='1'
HAVE_STPNCPY='1'
HAVE_STRCASESTR='1'
HAVE_STRCHRNUL='1'
HAVE_STRPBRK='1'
HAVE_STRSEP='1'
HAVE_STRUCT_SIGACTION_SA_SIGACTION='1'
HAVE_STRVERSCMP='1'
HAVE_SYS_BITYPES_H=''
HAVE_SYS_INTTYPES_H=''
HAVE_SYS_TYPES_H='1'
HAVE_TYPE_VOLATILE_SIG_ATOMIC_T='1'
HAVE_UNSIGNED_LONG_LONG_INT='1'
HAVE_WCHAR_H='1'
HAVE_WCHAR_T='1'
HAVE_WINDOWS_FALSE=''
HAVE_WINDOWS_TRUE='#'
HAVE_x86_64_FALSE='#'
HAVE_x86_64_TRUE=''
INCLUDE_NEXT='include_next'
INCLUDE_NEXT_AS_FIRST_DIRECTIVE='include_next'
INSTALL_DATA='${INSTALL} -m 644'
INSTALL_PROGRAM='${INSTALL}'
INSTALL_SCRIPT='${INSTALL}'
INSTALL_STRIP_PROGRAM='$(install_sh) -c -s'
JANSSON_LIBS='compat/jansson-2.5/src/.libs/libjansson.a'
LD='/usr/bin/ld -m elf_x86_64'
LDFLAGS=''
LIBCURL_CFLAGS=' '
LIBCURL_LIBS='-lcurl  '
LIBGNU_LIBDEPS=''
LIBGNU_LTLIBDEPS=''
LIBOBJS=''
LIBS='-lncurses -lpthread '
LIBTOOL='$(SHELL) $(top_builddir)/libtool'
LIBUSB_CFLAGS=''
LIBUSB_LIBS='compat/libusb-1.0/libusb/.libs/libusb-1.0.a -ludev'
LIPO=''
LN_S='ln -s'
LTLIBOBJS=''
MAINT='#'
MAINTAINER_MODE_FALSE=''
MAINTAINER_MODE_TRUE='#'
MAKEINFO='${SHELL} /home/test/sgminer-gridseed-GBlade/missing makeinfo'
MANIFEST_TOOL=':'
MATH_LIBS='-lm'
MKDIR_P='/bin/mkdir -p'
MM_LIBS=''
NCURSES_LIBS=''
NEXT_AS_FIRST_DIRECTIVE_SIGNAL_H='<signal.h>'
NEXT_AS_FIRST_DIRECTIVE_STDDEF_H=''
NEXT_AS_FIRST_DIRECTIVE_STDINT_H='<stdint.h>'
NEXT_AS_FIRST_DIRECTIVE_STRING_H='<string.h>'
NEXT_SIGNAL_H='<signal.h>'
NEXT_STDDEF_H=''
NEXT_STDINT_H='<stdint.h>'
NEXT_STRING_H='<string.h>'
NM='/usr/bin/nm -B'
NMEDIT=''
OBJDUMP='objdump'
OBJEXT='o'
OPENCL_FLAGS='-I/opt/AMDAPP/include '
OPENCL_LIBS='-L/opt/AMDAPP/lib/x86_64 -lOpenCL'
OTOOL64=''
OTOOL=''
PACKAGE='sgminer'
PACKAGE_BUGREPORT='veox@wemakethings.net'
PACKAGE_NAME='sgminer'
PACKAGE_STRING='sgminer 4.2.1_gsd-1.3'
PACKAGE_TARNAME='sgminer'
PACKAGE_URL='https://github.com/sgminer-dev/sgminer'
PACKAGE_VERSION='4.2.1_gsd-1.3'
PATH_SEPARATOR=':'
PDCURSES_LIBS=''
PKG_CONFIG='/usr/bin/pkg-config'
PKG_CONFIG_LIBDIR=''
PKG_CONFIG_PATH=''
PRAGMA_COLUMNS=''
PRAGMA_SYSTEM_HEADER='#pragma GCC system_header'
PTHREAD_FLAGS='-lpthread'
PTHREAD_LIBS='-lpthread'
PTRDIFF_T_SUFFIX=''
RANLIB='ranlib'
REPLACE_MEMCHR='0'
REPLACE_MEMMEM='0'
REPLACE_NULL='0'
REPLACE_STPNCPY='0'
REPLACE_STRCASESTR='0'
REPLACE_STRCHRNUL='0'
REPLACE_STRDUP='0'
REPLACE_STRERROR='0'
REPLACE_STRERROR_R='0'
REPLACE_STRNCAT='0'
REPLACE_STRNDUP='0'
REPLACE_STRNLEN='0'
REPLACE_STRSIGNAL='0'
REPLACE_STRSTR='0'
REPLACE_STRTOK_R='0'
RT_LIBS='-lrt'
SED='/bin/sed'
SET_MAKE=''
SHELL='/bin/bash'
SIG_ATOMIC_T_SUFFIX=''
SIZE_T_SUFFIX=''
STDDEF_H=''
STDINT_H=''
STRIP='strip'
UNDEFINE_STRTOK_R='0'
USE_GIT_VERSION_FALSE='#'
USE_GIT_VERSION_TRUE=''
VERSION='4.2.1_gsd-1.3'
VMAJ='4'
WANT_STATIC_LIBUSB_FALSE='#'
WANT_STATIC_LIBUSB_TRUE=''
WANT_USBUTILS_FALSE='#'
WANT_USBUTILS_TRUE=''
WCHAR_T_SUFFIX=''
WINT_T_SUFFIX=''
WS2_LIBS=''
ac_ct_AR='ar'
ac_ct_CC='gcc'
ac_ct_DUMPBIN=''
am__EXEEXT_FALSE=''
am__EXEEXT_TRUE='#'
am__fastdepCC_FALSE='#'
am__fastdepCC_TRUE=''
am__include='include'
am__isrc=''
am__leading_dot='.'
am__nodep='_no'
am__quote=''
am__tar='$${TAR-tar} chof - "$$tardir"'
am__untar='$${TAR-tar} xf -'
bindir='${exec_prefix}/bin'
build='x86_64-unknown-linux-gnu'
build_alias=''
build_cpu='x86_64'
build_os='linux-gnu'
build_vendor='unknown'
datadir='${datarootdir}'
datarootdir='${prefix}/share'
docdir='${datarootdir}/doc/${PACKAGE_TARNAME}'
dvidir='${docdir}'
exec_prefix='${prefix}'
gl_LIBOBJS=''
gl_LTLIBOBJS=''
gltests_LIBOBJS=''
gltests_LTLIBOBJS=''
gltests_WITNESS='IN_SGMINER_GNULIB_TESTS'
host='x86_64-unknown-linux-gnu'
host_alias=''
host_cpu='x86_64'
host_os='linux-gnu'
host_vendor='unknown'
htmldir='${docdir}'
includedir='${prefix}/include'
infodir='${datarootdir}/info'
install_sh='${SHELL} /home/test/sgminer-gridseed-GBlade/install-sh'
libdir='${exec_prefix}/lib'
libexecdir='${exec_prefix}/libexec'
localedir='${datarootdir}/locale'
localstatedir='${prefix}/var'
mandir='${datarootdir}/man'
mkdir_p='$(MKDIR_P)'
oldincludedir='/usr/include'
pdfdir='${docdir}'
prefix='/usr/local'
program_transform_name='s,x,x,'
psdir='${docdir}'
release_info=''
sbindir='${exec_prefix}/sbin'
sharedstatedir='${prefix}/com'
subdirs=' compat/jansson-2.5 compat/libusb-1.0'
sysconfdir='${prefix}/etc'
target='x86_64-unknown-linux-gnu'
target_alias=''
target_cpu='x86_64'
target_os='linux-gnu'
target_vendor='unknown'
version_info='6:1_gsd-1.3:2'

## ----------- ##
## confdefs.h. ##
## ----------- ##

/* confdefs.h */
#define PACKAGE_NAME "sgminer"
#define PACKAGE_TARNAME "sgminer"
#define PACKAGE_VERSION "4.2.1_gsd-1.3"
#define PACKAGE_STRING "sgminer 4.2.1_gsd-1.3"
#define PACKAGE_BUGREPORT "veox@wemakethings.net"
#define PACKAGE_URL "https://github.com/sgminer-dev/sgminer"
#define PACKAGE "sgminer"
#define VERSION "4.2.1_gsd-1.3"
#define STDC_HEADERS 1
#define HAVE_SYS_TYPES_H 1
#define HAVE_SYS_STAT_H 1
#define HAVE_STDLIB_H 1
#define HAVE_STRING_H 1
#define HAVE_MEMORY_H 1
#define HAVE_STRINGS_H 1
#define HAVE_INTTYPES_H 1
#define HAVE_STDINT_H 1
#define HAVE_UNISTD_H 1
#define __EXTENSIONS__ 1
#define _ALL_SOURCE 1
#define _GNU_SOURCE 1
#define _POSIX_PTHREAD_SEMANTICS 1
#define _TANDEM_SOURCE 1
#define SGMINER_MAJOR_VERSION 4
#define SGMINER_MINOR_VERSION 2
#define SGMINER_MINOR_SUBVERSION 1_gsd-1.3
#define HAVE_DLFCN_H 1
#define LT_OBJDIR ".libs/"
#define HAVE_SYS_MMAN_H 1
#define HAVE_WCHAR_H 1
#define HAVE_STDINT_H 1
#define HAVE_MPROTECT 1
#define HAVE_SIGACTION 1
#define HAVE_SIGALTSTACK 1
#define HAVE_SIGINTERRUPT 1
#define HAVE_MAP_ANONYMOUS 1
#define HAVE_DECL_MEMMEM 1
#define HAVE_MEMMEM 1
#define restrict __restrict
#define HAVE_WCHAR_T 1
#define HAVE_UNSIGNED_LONG_LONG_INT 1
#define HAVE_LONG_LONG_INT 1
#define HAVE_RAW_DECL_MEMMEM 1
#define HAVE_RAW_DECL_MEMPCPY 1
#define HAVE_RAW_DECL_MEMRCHR 1
#define HAVE_RAW_DECL_RAWMEMCHR 1
#define HAVE_RAW_DECL_STPCPY 1
#define HAVE_RAW_DECL_STPNCPY 1
#define HAVE_RAW_DECL_STRCHRNUL 1
#define HAVE_RAW_DECL_STRDUP 1
#define HAVE_RAW_DECL_STRNCAT 1
#define HAVE_RAW_DECL_STRNDUP 1
#define HAVE_RAW_DECL_STRNLEN 1
#define HAVE_RAW_DECL_STRPBRK 1
#define HAVE_RAW_DECL_STRSEP 1
#define HAVE_RAW_DECL_STRCASESTR 1
#define HAVE_RAW_DECL_STRTOK_R 1
#define HAVE_RAW_DECL_STRERROR_R 1
#define HAVE_RAW_DECL_STRSIGNAL 1
#define HAVE_RAW_DECL_STRVERSCMP 1
#define GNULIB_TEST_MEMCHR 1
#define HAVE_MEMMEM 1
#define GNULIB_TEST_MEMMEM 1
#define HAVE_STRUCT_SIGACTION_SA_SIGACTION 1
#define GNULIB_TEST_SIGACTION 1
#define HAVE_RAW_DECL_SIGACTION 1
#define HAVE_RAW_DECL_SIGADDSET 1
#define HAVE_RAW_DECL_SIGDELSET 1
#define HAVE_RAW_DECL_SIGEMPTYSET 1
#define HAVE_RAW_DECL_SIGFILLSET 1
#define HAVE_RAW_DECL_SIGISMEMBER 1
#define HAVE_RAW_DECL_SIGPENDING 1
#define HAVE_RAW_DECL_SIGPROCMASK 1
#define GNULIB_TEST_SIGPROCMASK 1
#define STDC_HEADERS 1
#define HAVE_SYSLOG_H 1
#define HAVE_ALLOCA_H 1
#define HAVE_ALLOCA 1
#define HAVE_LIBPTHREAD 1
#define HAVE_ADL 1
#define USE_GRIDSEED 1
#define HAVE_CURSES 1
#define USE_USBUTILS 1
#define CURL_HAS_KEEPALIVE 1
#define HAVE_LIBCURL 1
#define USE_GIT_VERSION 1
#define EXECV_2ND_ARG_TYPE char* const*
#define HAVE_ATTRIBUTE_COLD 1
#define HAVE_ATTRIBUTE_CONST 1
#define HAVE_ATTRIBUTE_NORETURN 1
#define HAVE_ATTRIBUTE_PRINTF 1
#define HAVE_ATTRIBUTE_UNUSED 1
#define HAVE_ATTRIBUTE_USED 1
#define HAVE_BUILTIN_CONSTANT_P 1
#define HAVE_BUILTIN_TYPES_COMPATIBLE_P 1
#define HAVE_WARN_UNUSED_RESULT 1
#define SGMINER_PREFIX "/usr/local/bin"

configure: exit 0
