This file contains any messages produced by compilers while
running configure, to aid debugging if configure makes a mistake.

It was created by libusbx configure 1.0.16, which was
generated by GNU Autoconf 2.69.  Invocation command line was

  $ ./configure --disable-option-checking --prefix=/usr/local --enable-gridseed --cache-file=/dev/null --srcdir=.

## --------- ##
## Platform. ##
## --------- ##

hostname = srv3
uname -m = x86_64
uname -r = 3.11.0-17-generic
uname -s = Linux
uname -v = #31-Ubuntu SMP Mon Feb 3 21:52:43 UTC 2014

/usr/bin/uname -p = unknown
/bin/uname -X     = unknown

/bin/arch              = unknown
/usr/bin/arch -k       = unknown
/usr/convex/getsysinfo = unknown
/usr/bin/hostinfo      = unknown
/bin/machine           = unknown
/usr/bin/oslevel       = unknown
/bin/universe          = unknown

PATH: /usr/local/sbin
PATH: /usr/local/bin
PATH: /usr/sbin
PATH: /usr/bin
PATH: /sbin
PATH: /bin


## ----------- ##
## Core tests. ##
## ----------- ##

configure:2401: checking for a BSD-compatible install
configure:2469: result: /usr/bin/install -c
configure:2480: checking whether build environment is sane
configure:2535: result: yes
configure:2686: checking for a thread-safe mkdir -p
configure:2725: result: /bin/mkdir -p
configure:2732: checking for gawk
configure:2762: result: no
configure:2732: checking for mawk
configure:2748: found /usr/bin/mawk
configure:2759: result: mawk
configure:2770: checking whether make sets $(MAKE)
configure:2792: result: yes
configure:2821: checking whether make supports nested variables
configure:2838: result: yes
configure:2923: checking whether to enable maintainer-specific portions of Makefiles
configure:2932: result: no
configure:2961: checking whether make supports nested variables
configure:2978: result: yes
configure:3039: checking for gcc
configure:3055: found /usr/bin/gcc
configure:3066: result: gcc
configure:3295: checking for C compiler version
configure:3304: gcc --version >&5
gcc (Ubuntu/Linaro 4.8.1-10ubuntu9) 4.8.1
Copyright (C) 2013 Free Software Foundation, Inc.
This is free software; see the source for copying conditions.  There is NO
warranty; not even for MERCHANTABILITY or FITNESS FOR A PARTICULAR PURPOSE.

configure:3315: $? = 0
configure:3304: gcc -v >&5
Using built-in specs.
COLLECT_GCC=gcc
COLLECT_LTO_WRAPPER=/usr/lib/gcc/x86_64-linux-gnu/4.8/lto-wrapper
Target: x86_64-linux-gnu
Configured with: ../src/configure -v --with-pkgversion='Ubuntu/Linaro 4.8.1-10ubuntu9' --with-bugurl=file:///usr/share/doc/gcc-4.8/README.Bugs --enable-languages=c,c++,java,go,d,fortran,objc,obj-c++ --prefix=/usr --program-suffix=-4.8 --enable-shared --enable-linker-build-id --libexecdir=/usr/lib --without-included-gettext --enable-threads=posix --with-gxx-include-dir=/usr/include/c++/4.8 --libdir=/usr/lib --enable-nls --with-sysroot=/ --enable-clocale=gnu --enable-libstdcxx-debug --enable-libstdcxx-time=yes --enable-gnu-unique-object --enable-plugin --with-system-zlib --disable-browser-plugin --enable-java-awt=gtk --enable-gtk-cairo --with-java-home=/usr/lib/jvm/java-1.5.0-gcj-4.8-amd64/jre --enable-java-home --with-jvm-root-dir=/usr/lib/jvm/java-1.5.0-gcj-4.8-amd64 --with-jvm-jar-dir=/usr/lib/jvm-exports/java-1.5.0-gcj-4.8-amd64 --with-arch-directory=amd64 --with-ecj-jar=/usr/share/java/eclipse-ecj.jar --enable-objc-gc --enable-multiarch --disable-werror --with-arch-32=i686 --with-abi=m64 --with-multilib-list=m32,m64,mx32 --with-tune=generic --enable-checking=release --build=x86_64-linux-gnu --host=x86_64-linux-gnu --target=x86_64-linux-gnu
Thread model: posix
gcc version 4.8.1 (Ubuntu/Linaro 4.8.1-10ubuntu9) 
configure:3315: $? = 0
configure:3304: gcc -V >&5
gcc: error: unrecognized command line option '-V'
gcc: fatal error: no input files
compilation terminated.
configure:3315: $? = 4
configure:3304: gcc -qversion >&5
gcc: error: unrecognized command line option '-qversion'
gcc: fatal error: no input files
compilation terminated.
configure:3315: $? = 4
configure:3335: checking whether the C compiler works
configure:3357: gcc    conftest.c  >&5
configure:3361: $? = 0
configure:3409: result: yes
configure:3412: checking for C compiler default output file name
configure:3414: result: a.out
configure:3420: checking for suffix of executables
configure:3427: gcc -o conftest    conftest.c  >&5
configure:3431: $? = 0
configure:3453: result: 
configure:3475: checking whether we are cross compiling
configure:3483: gcc -o conftest    conftest.c  >&5
configure:3487: $? = 0
configure:3494: ./conftest
configure:3498: $? = 0
configure:3513: result: no
configure:3518: checking for suffix of object files
configure:3540: gcc -c   conftest.c >&5
configure:3544: $? = 0
configure:3565: result: o
configure:3569: checking whether we are using the GNU C compiler
configure:3588: gcc -c   conftest.c >&5
configure:3588: $? = 0
configure:3597: result: yes
configure:3606: checking whether gcc accepts -g
configure:3626: gcc -c -g  conftest.c >&5
configure:3626: $? = 0
configure:3667: result: yes
configure:3684: checking for gcc option to accept ISO C89
configure:3747: gcc  -c -g -O2  conftest.c >&5
configure:3747: $? = 0
configure:3760: result: none needed
configure:3791: checking for style of include used by make
configure:3819: result: GNU
configure:3845: checking dependency style of gcc
configure:3956: result: gcc3
configure:4000: checking build system type
configure:4014: result: x86_64-unknown-linux-gnu
configure:4034: checking host system type
configure:4047: result: x86_64-unknown-linux-gnu
configure:4088: checking how to print strings
configure:4115: result: printf
configure:4136: checking for a sed that does not truncate output
configure:4200: result: /bin/sed
configure:4218: checking for grep that handles long lines and -e
configure:4276: result: /bin/grep
configure:4281: checking for egrep
configure:4343: result: /bin/grep -E
configure:4348: checking for fgrep
configure:4410: result: /bin/grep -F
configure:4445: checking for ld used by gcc
configure:4512: result: /usr/bin/ld
configure:4519: checking if the linker (/usr/bin/ld) is GNU ld
configure:4534: result: yes
configure:4546: checking for BSD- or MS-compatible name lister (nm)
configure:4595: result: /usr/bin/nm -B
configure:4725: checking the name lister (/usr/bin/nm -B) interface
configure:4732: gcc -c -g -O2  conftest.c >&5
configure:4735: /usr/bin/nm -B "conftest.o"
configure:4738: output
0000000000000000 B some_variable
configure:4745: result: BSD nm
configure:4748: checking whether ln -s works
configure:4752: result: yes
configure:4760: checking the maximum length of command line arguments
configure:4891: result: 1572864
configure:4908: checking whether the shell understands some XSI constructs
configure:4918: result: yes
configure:4922: checking whether the shell understands "+="
configure:4928: result: yes
configure:4963: checking how to convert x86_64-unknown-linux-gnu file names to x86_64-unknown-linux-gnu format
configure:5003: result: func_convert_file_noop
configure:5010: checking how to convert x86_64-unknown-linux-gnu file names to toolchain format
configure:5030: result: func_convert_file_noop
configure:5037: checking for /usr/bin/ld option to reload object files
configure:5044: result: -r
configure:5118: checking for objdump
configure:5134: found /usr/bin/objdump
configure:5145: result: objdump
configure:5177: checking how to recognize dependent libraries
configure:5375: result: pass_all
configure:5460: checking for dlltool
configure:5490: result: no
configure:5520: checking how to associate runtime and link libraries
configure:5547: result: printf %s\n
configure:5608: checking for ar
configure:5624: found /usr/bin/ar
configure:5635: result: ar
configure:5672: checking for archiver @FILE support
configure:5689: gcc -c -g -O2  conftest.c >&5
configure:5689: $? = 0
configure:5692: ar cru libconftest.a @conftest.lst >&5
configure:5695: $? = 0
configure:5700: ar cru libconftest.a @conftest.lst >&5
ar: conftest.o: No such file or directory
configure:5703: $? = 1
configure:5715: result: @
configure:5773: checking for strip
configure:5789: found /usr/bin/strip
configure:5800: result: strip
configure:5872: checking for ranlib
configure:5888: found /usr/bin/ranlib
configure:5899: result: ranlib
configure:6001: checking command to parse /usr/bin/nm -B output from gcc object
configure:6121: gcc -c -g -O2  conftest.c >&5
configure:6124: $? = 0
configure:6128: /usr/bin/nm -B conftest.o \| sed -n -e 's/^.*[ ]\([ABCDGIRSTW][ABCDGIRSTW]*\)[ ][ ]*\([_A-Za-z][_A-Za-z0-9]*\)$/\1 \2 \2/p' | sed '/ __gnu_lto/d' \> conftest.nm
configure:6131: $? = 0
configure:6197: gcc -o conftest -g -O2   conftest.c conftstm.o >&5
configure:6200: $? = 0
configure:6238: result: ok
configure:6275: checking for sysroot
configure:6305: result: no
configure:6382: gcc -c -g -O2  conftest.c >&5
configure:6385: $? = 0
configure:6568: checking for mt
configure:6584: found /bin/mt
configure:6595: result: mt
configure:6618: checking if mt is a manifest tool
configure:6624: mt '-?'
configure:6632: result: no
configure:7274: checking how to run the C preprocessor
configure:7305: gcc -E  conftest.c
configure:7305: $? = 0
configure:7319: gcc -E  conftest.c
conftest.c:11:28: fatal error: ac_nonexistent.h: No such file or directory
 #include <ac_nonexistent.h>
                            ^
compilation terminated.
configure:7319: $? = 1
configure: failed program was:
| /* confdefs.h */
| #define PACKAGE_NAME "libusbx"
| #define PACKAGE_TARNAME "libusbx"
| #define PACKAGE_VERSION "1.0.16"
| #define PACKAGE_STRING "libusbx 1.0.16"
| #define PACKAGE_BUGREPORT "libusbx-devel@lists.sourceforge.net"
| #define PACKAGE_URL "http://libusbx.org"
| #define PACKAGE "libusbx"
| #define VERSION "1.0.16"
| /* end confdefs.h.  */
| #include <ac_nonexistent.h>
configure:7344: result: gcc -E
configure:7364: gcc -E  conftest.c
configure:7364: $? = 0
configure:7378: gcc -E  conftest.c
conftest.c:11:28: fatal error: ac_nonexistent.h: No such file or directory
 #include <ac_nonexistent.h>
                            ^
compilation terminated.
configure:7378: $? = 1
configure: failed program was:
| /* confdefs.h */
| #define PACKAGE_NAME "libusbx"
| #define PACKAGE_TARNAME "libusbx"
| #define PACKAGE_VERSION "1.0.16"
| #define PACKAGE_STRING "libusbx 1.0.16"
| #define PACKAGE_BUGREPORT "libusbx-devel@lists.sourceforge.net"
| #define PACKAGE_URL "http://libusbx.org"
| #define PACKAGE "libusbx"
| #define VERSION "1.0.16"
| /* end confdefs.h.  */
| #include <ac_nonexistent.h>
configure:7407: checking for ANSI C header files
configure:7427: gcc -c -g -O2  conftest.c >&5
configure:7427: $? = 0
configure:7500: gcc -o conftest -g -O2   conftest.c  >&5
configure:7500: $? = 0
configure:7500: ./conftest
configure:7500: $? = 0
configure:7511: result: yes
configure:7524: checking for sys/types.h
configure:7524: gcc -c -g -O2  conftest.c >&5
configure:7524: $? = 0
configure:7524: result: yes
configure:7524: checking for sys/stat.h
configure:7524: gcc -c -g -O2  conftest.c >&5
configure:7524: $? = 0
configure:7524: result: yes
configure:7524: checking for stdlib.h
configure:7524: gcc -c -g -O2  conftest.c >&5
configure:7524: $? = 0
configure:7524: result: yes
configure:7524: checking for string.h
configure:7524: gcc -c -g -O2  conftest.c >&5
configure:7524: $? = 0
configure:7524: result: yes
configure:7524: checking for memory.h
configure:7524: gcc -c -g -O2  conftest.c >&5
configure:7524: $? = 0
configure:7524: result: yes
configure:7524: checking for strings.h
configure:7524: gcc -c -g -O2  conftest.c >&5
configure:7524: $? = 0
configure:7524: result: yes
configure:7524: checking for inttypes.h
configure:7524: gcc -c -g -O2  conftest.c >&5
configure:7524: $? = 0
configure:7524: result: yes
configure:7524: checking for stdint.h
configure:7524: gcc -c -g -O2  conftest.c >&5
configure:7524: $? = 0
configure:7524: result: yes
configure:7524: checking for unistd.h
configure:7524: gcc -c -g -O2  conftest.c >&5
configure:7524: $? = 0
configure:7524: result: yes
configure:7538: checking for dlfcn.h
configure:7538: gcc -c -g -O2  conftest.c >&5
configure:7538: $? = 0
configure:7538: result: yes
configure:7744: checking for objdir
configure:7759: result: .libs
configure:8030: checking if gcc supports -fno-rtti -fno-exceptions
configure:8048: gcc -c -g -O2  -fno-rtti -fno-exceptions conftest.c >&5
cc1: warning: command line option '-fno-rtti' is valid for C++/ObjC++ but not for C [enabled by default]
configure:8052: $? = 0
configure:8065: result: no
configure:8392: checking for gcc option to produce PIC
configure:8399: result: -fPIC -DPIC
configure:8407: checking if gcc PIC flag -fPIC -DPIC works
configure:8425: gcc -c -g -O2  -fPIC -DPIC -DPIC conftest.c >&5
configure:8429: $? = 0
configure:8442: result: yes
configure:8471: checking if gcc static flag -static works
configure:8499: result: yes
configure:8514: checking if gcc supports -c -o file.o
configure:8535: gcc -c -g -O2  -o out/conftest2.o conftest.c >&5
configure:8539: $? = 0
configure:8561: result: yes
configure:8569: checking if gcc supports -c -o file.o
configure:8616: result: yes
configure:8649: checking whether the gcc linker (/usr/bin/ld -m elf_x86_64) supports shared libraries
configure:9806: result: yes
configure:9843: checking whether -lc should be explicitly linked in
configure:9851: gcc -c -g -O2  conftest.c >&5
configure:9854: $? = 0
configure:9869: gcc -shared  -fPIC -DPIC conftest.o  -v -Wl,-soname -Wl,conftest -o conftest 2\>\&1 \| /bin/grep  -lc  \>/dev/null 2\>\&1
configure:9872: $? = 0
configure:9886: result: no
configure:10046: checking dynamic linker characteristics
configure:10546: gcc -o conftest -g -O2   -Wl,-rpath -Wl,/foo conftest.c  >&5
configure:10546: $? = 0
configure:10780: result: GNU/Linux ld.so
configure:10887: checking how to hardcode library paths into programs
configure:10912: result: immediate
configure:11452: checking whether stripping libraries is possible
configure:11457: result: yes
configure:11492: checking if libtool supports shared libraries
configure:11494: result: yes
configure:11497: checking whether to build shared libraries
configure:11518: result: yes
configure:11521: checking whether to build static libraries
configure:11525: result: yes
configure:11605: checking for windres
configure:11635: result: no
configure:11739: checking for inline
configure:11755: gcc -c -g -O2  conftest.c >&5
configure:11755: $? = 0
configure:11763: result: inline
configure:11782: checking whether gcc and cc understand -c and -o together
configure:11813: gcc -c conftest.c -o conftest2.o >&5
configure:11817: $? = 0
configure:11823: gcc -c conftest.c -o conftest2.o >&5
configure:11827: $? = 0
configure:11838: cc -c conftest.c >&5
configure:11842: $? = 0
configure:11850: cc -c conftest.c -o conftest2.o >&5
configure:11854: $? = 0
configure:11860: cc -c conftest.c -o conftest2.o >&5
configure:11864: $? = 0
configure:11882: result: yes
configure:11913: checking operating system
configure:11918: result: Linux
configure:11965: checking for library containing clock_gettime
configure:11996: gcc -o conftest -g -O2   conftest.c  >&5
configure:11996: $? = 0
configure:12013: result: none required
configure:12032: checking libudev.h usability
configure:12032: gcc -c -g -O2  conftest.c >&5
configure:12032: $? = 0
configure:12032: result: yes
configure:12032: checking libudev.h presence
configure:12032: gcc -E  conftest.c
configure:12032: $? = 0
configure:12032: result: yes
configure:12032: checking for libudev.h
configure:12032: result: yes
configure:12044: checking for udev_new in -ludev
configure:12069: gcc -o conftest -g -O2   conftest.c -ludev   >&5
configure:12069: $? = 0
configure:12078: result: yes
configure:12116: checking poll.h usability
configure:12116: gcc -c -g -O2  conftest.c >&5
configure:12116: $? = 0
configure:12116: result: yes
configure:12116: checking poll.h presence
configure:12116: gcc -E  conftest.c
configure:12116: $? = 0
configure:12116: result: yes
configure:12116: checking for poll.h
configure:12116: result: yes
configure:12263: checking sys/timerfd.h usability
configure:12263: gcc -c -g -O2  conftest.c >&5
configure:12263: $? = 0
configure:12263: result: yes
configure:12263: checking sys/timerfd.h presence
configure:12263: gcc -E  conftest.c
configure:12263: $? = 0
configure:12263: result: yes
configure:12263: checking for sys/timerfd.h
configure:12263: result: yes
configure:12283: checking whether TFD_NONBLOCK is declared
configure:12283: gcc -c -g -O2  conftest.c >&5
configure:12283: $? = 0
configure:12283: result: yes
configure:12295: checking whether to use timerfd for timing
configure:12302: result: yes
configure:12313: checking for struct timespec
configure:12313: gcc -c -g -O2  conftest.c >&5
configure:12313: $? = 0
configure:12313: gcc -c -g -O2  conftest.c >&5
conftest.c: In function 'main':
conftest.c:68:30: error: expected expression before ')' token
 if (sizeof ((struct timespec)))
                              ^
configure:12313: $? = 1
configure: failed program was:
| /* confdefs.h */
| #define PACKAGE_NAME "libusbx"
| #define PACKAGE_TARNAME "libusbx"
| #define PACKAGE_VERSION "1.0.16"
| #define PACKAGE_STRING "libusbx 1.0.16"
| #define PACKAGE_BUGREPORT "libusbx-devel@lists.sourceforge.net"
| #define PACKAGE_URL "http://libusbx.org"
| #define PACKAGE "libusbx"
| #define VERSION "1.0.16"
| #define STDC_HEADERS 1
| #define HAVE_SYS_TYPES_H 1
| #define HAVE_SYS_STAT_H 1
| #define HAVE_STDLIB_H 1
| #define HAVE_STRING_H 1
| #define HAVE_MEMORY_H 1
| #define HAVE_STRINGS_H 1
| #define HAVE_INTTYPES_H 1
| #define HAVE_STDINT_H 1
| #define HAVE_UNISTD_H 1
| #define HAVE_DLFCN_H 1
| #define LT_OBJDIR ".libs/"
| #define _GNU_SOURCE 1
| #define OS_LINUX 1
| #define HAVE_LIBUDEV_H 1
| #define HAVE_LIBUDEV 1
| #define USE_UDEV 1
| #define HAVE_POLL_H 1
| #define POLL_NFDS_TYPE nfds_t
| #define THREADS_POSIX 1
| #define USBI_TIMERFD_AVAILABLE 1
| /* end confdefs.h.  */
| #include <stdio.h>
| #ifdef HAVE_SYS_TYPES_H
| # include <sys/types.h>
| #endif
| #ifdef HAVE_SYS_STAT_H
| # include <sys/stat.h>
| #endif
| #ifdef STDC_HEADERS
| # include <stdlib.h>
| # include <stddef.h>
| #else
| # ifdef HAVE_STDLIB_H
| #  include <stdlib.h>
| # endif
| #endif
| #ifdef HAVE_STRING_H
| # if !defined STDC_HEADERS && defined HAVE_MEMORY_H
| #  include <memory.h>
| # endif
| # include <string.h>
| #endif
| #ifdef HAVE_STRINGS_H
| # include <strings.h>
| #endif
| #ifdef HAVE_INTTYPES_H
| # include <inttypes.h>
| #endif
| #ifdef HAVE_STDINT_H
| # include <stdint.h>
| #endif
| #ifdef HAVE_UNISTD_H
| # include <unistd.h>
| #endif
| int
| main ()
| {
| if (sizeof ((struct timespec)))
| 	    return 0;
|   ;
|   return 0;
| }
configure:12313: result: yes
configure:12366: gcc -c -g -O2 -Werror -fvisibility=hidden  conftest.c >&5
configure:12366: $? = 0
configure:12394: gcc -c -g -O2 -Wno-pointer-sign  conftest.c >&5
configure:12394: $? = 0
configure:12403: checking for sigaction
configure:12403: gcc -o conftest -g -O2   conftest.c -ludev  -pthread >&5
configure:12403: $? = 0
configure:12403: result: yes
configure:12422: checking sys/time.h usability
configure:12422: gcc -c -g -O2  conftest.c >&5
configure:12422: $? = 0
configure:12422: result: yes
configure:12422: checking sys/time.h presence
configure:12422: gcc -E  conftest.c
configure:12422: $? = 0
configure:12422: result: yes
configure:12422: checking for sys/time.h
configure:12422: result: yes
configure:12434: checking for gettimeofday
configure:12434: gcc -o conftest -g -O2   conftest.c -ludev  -pthread >&5
configure:12434: $? = 0
configure:12434: result: yes
configure:12445: checking signal.h usability
configure:12445: gcc -c -g -O2  conftest.c >&5
configure:12445: $? = 0
configure:12445: result: yes
configure:12445: checking signal.h presence
configure:12445: gcc -E  conftest.c
configure:12445: $? = 0
configure:12445: result: yes
configure:12445: checking for signal.h
configure:12445: result: yes
configure:12576: checking that generated files are newer than configure
configure:12582: result: done
configure:12641: creating ./config.status

## ---------------------- ##
## Running config.status. ##
## ---------------------- ##

This file was extended by libusbx config.status 1.0.16, which was
generated by GNU Autoconf 2.69.  Invocation command line was

  CONFIG_FILES    = 
  CONFIG_HEADERS  = 
  CONFIG_LINKS    = 
  CONFIG_COMMANDS = 
  $ ./config.status 

on srv3

config.status:1169: creating libusb-1.0.pc
config.status:1169: creating Makefile
config.status:1169: creating libusb/Makefile
config.status:1169: creating config.h
config.status:1350: config.h is unchanged
config.status:1398: executing depfiles commands
config.status:1398: executing libtool commands

## ---------------- ##
## Cache variables. ##
## ---------------- ##

ac_cv_build=x86_64-unknown-linux-gnu
ac_cv_c_compiler_gnu=yes
ac_cv_c_inline=inline
ac_cv_env_CC_set=
ac_cv_env_CC_value=
ac_cv_env_CFLAGS_set=
ac_cv_env_CFLAGS_value=
ac_cv_env_CPPFLAGS_set=
ac_cv_env_CPPFLAGS_value=
ac_cv_env_CPP_set=
ac_cv_env_CPP_value=
ac_cv_env_LDFLAGS_set=
ac_cv_env_LDFLAGS_value=
ac_cv_env_LIBS_set=
ac_cv_env_LIBS_value=
ac_cv_env_build_alias_set=
ac_cv_env_build_alias_value=
ac_cv_env_host_alias_set=
ac_cv_env_host_alias_value=
ac_cv_env_target_alias_set=
ac_cv_env_target_alias_value=
ac_cv_func_gettimeofday=yes
ac_cv_func_sigaction=yes
ac_cv_have_decl_TFD_NONBLOCK=yes
ac_cv_header_dlfcn_h=yes
ac_cv_header_inttypes_h=yes
ac_cv_header_libudev_h=yes
ac_cv_header_memory_h=yes
ac_cv_header_poll_h=yes
ac_cv_header_signal_h=yes
ac_cv_header_stdc=yes
ac_cv_header_stdint_h=yes
ac_cv_header_stdlib_h=yes
ac_cv_header_string_h=yes
ac_cv_header_strings_h=yes
ac_cv_header_sys_stat_h=yes
ac_cv_header_sys_time_h=yes
ac_cv_header_sys_timerfd_h=yes
ac_cv_header_sys_types_h=yes
ac_cv_header_unistd_h=yes
ac_cv_host=x86_64-unknown-linux-gnu
ac_cv_lib_udev_udev_new=yes
ac_cv_objext=o
ac_cv_path_EGREP='/bin/grep -E'
ac_cv_path_FGREP='/bin/grep -F'
ac_cv_path_GREP=/bin/grep
ac_cv_path_SED=/bin/sed
ac_cv_path_install='/usr/bin/install -c'
ac_cv_path_mkdir=/bin/mkdir
ac_cv_prog_AWK=mawk
ac_cv_prog_CPP='gcc -E'
ac_cv_prog_ac_ct_AR=ar
ac_cv_prog_ac_ct_CC=gcc
ac_cv_prog_ac_ct_MANIFEST_TOOL=mt
ac_cv_prog_ac_ct_OBJDUMP=objdump
ac_cv_prog_ac_ct_RANLIB=ranlib
ac_cv_prog_ac_ct_STRIP=strip
ac_cv_prog_cc_c89=
ac_cv_prog_cc_g=yes
ac_cv_prog_cc_gcc_c_o=yes
ac_cv_prog_make_make_set=yes
ac_cv_search_clock_gettime='none required'
ac_cv_type_struct_timespec=yes
am_cv_CC_dependencies_compiler_type=gcc3
am_cv_make_support_nested_variables=yes
lt_cv_ar_at_file=@
lt_cv_archive_cmds_need_lc=no
lt_cv_deplibs_check_method=pass_all
lt_cv_file_magic_cmd='$MAGIC_CMD'
lt_cv_file_magic_test_file=
lt_cv_ld_reload_flag=-r
lt_cv_nm_interface='BSD nm'
lt_cv_objdir=.libs
lt_cv_path_LD=/usr/bin/ld
lt_cv_path_NM='/usr/bin/nm -B'
lt_cv_path_mainfest_tool=no
lt_cv_prog_compiler_c_o=yes
lt_cv_prog_compiler_c_o_RC=yes
lt_cv_prog_compiler_pic='-fPIC -DPIC'
lt_cv_prog_compiler_pic_works=yes
lt_cv_prog_compiler_rtti_exceptions=no
lt_cv_prog_compiler_static_works=yes
lt_cv_prog_gnu_ld=yes
lt_cv_sharedlib_from_linklib_cmd='printf %s\n'
lt_cv_shlibpath_overrides_runpath=no
lt_cv_sys_global_symbol_pipe='sed -n -e '\''s/^.*[	 ]\([ABCDGIRSTW][ABCDGIRSTW]*\)[	 ][	 ]*\([_A-Za-z][_A-Za-z0-9]*\)$/\1 \2 \2/p'\'' | sed '\''/ __gnu_lto/d'\'''
lt_cv_sys_global_symbol_to_c_name_address='sed -n -e '\''s/^: \([^ ]*\)[ ]*$/  {\"\1\", (void *) 0},/p'\'' -e '\''s/^[ABCDGIRSTW]* \([^ ]*\) \([^ ]*\)$/  {"\2", (void *) \&\2},/p'\'''
lt_cv_sys_global_symbol_to_c_name_address_lib_prefix='sed -n -e '\''s/^: \([^ ]*\)[ ]*$/  {\"\1\", (void *) 0},/p'\'' -e '\''s/^[ABCDGIRSTW]* \([^ ]*\) \(lib[^ ]*\)$/  {"\2", (void *) \&\2},/p'\'' -e '\''s/^[ABCDGIRSTW]* \([^ ]*\) \([^ ]*\)$/  {"lib\2", (void *) \&\2},/p'\'''
lt_cv_sys_global_symbol_to_cdecl='sed -n -e '\''s/^T .* \(.*\)$/extern int \1();/p'\'' -e '\''s/^[ABCDGIRSTW]* .* \(.*\)$/extern char \1;/p'\'''
lt_cv_sys_max_cmd_len=1572864
lt_cv_to_host_file_cmd=func_convert_file_noop
lt_cv_to_tool_file_cmd=func_convert_file_noop

## ----------------- ##
## Output variables. ##
## ----------------- ##

ACLOCAL='${SHELL} /home/test/sgminer-gridseed-GBlade/compat/libusb-1.0/missing aclocal-1.13'
AMDEPBACKSLASH='\'
AMDEP_FALSE='#'
AMDEP_TRUE=''
AMTAR='$${TAR-tar}'
AM_BACKSLASH='\'
AM_CFLAGS=' -std=gnu99 -Wall -Wundef -Wunused -Wstrict-prototypes -Werror-implicit-function-declaration -Wno-pointer-sign -Wshadow -pthread -fvisibility=hidden'
AM_DEFAULT_V='$(AM_DEFAULT_VERBOSITY)'
AM_DEFAULT_VERBOSITY='0'
AM_V='$(V)'
AR='ar'
AUTOCONF='${SHELL} /home/test/sgminer-gridseed-GBlade/compat/libusb-1.0/missing autoconf'
AUTOHEADER='${SHELL} /home/test/sgminer-gridseed-GBlade/compat/libusb-1.0/missing autoheader'
AUTOMAKE='${SHELL} /home/test/sgminer-gridseed-GBlade/compat/libusb-1.0/missing automake-1.13'
AWK='mawk'
CC='gcc'
CCDEPMODE='depmode=gcc3'
CFLAGS='-g -O2'
CPP='gcc -E'
CPPFLAGS=''
CREATE_IMPORT_LIB_FALSE=''
CREATE_IMPORT_LIB_TRUE='#'
CYGPATH_W='echo'
DEFS='-DHAVE_CONFIG_H'
DEPDIR='.deps'
DLLTOOL='false'
DSYMUTIL=''
DUMPBIN=''
ECHO_C=''
ECHO_N='-n'
ECHO_T=''
EGREP='/bin/grep -E'
EXEEXT=''
FGREP='/bin/grep -F'
GREP='/bin/grep'
HAVE_SIGACTION_FALSE='#'
HAVE_SIGACTION_TRUE=''
INSTALL_DATA='${INSTALL} -m 644'
INSTALL_PROGRAM='${INSTALL}'
INSTALL_SCRIPT='${INSTALL}'
INSTALL_STRIP_PROGRAM='$(install_sh) -c -s'
LD='/usr/bin/ld -m elf_x86_64'
LDFLAGS=''
LIBOBJS=''
LIBS='-ludev  -pthread'
LIBTOOL='$(SHELL) $(top_builddir)/libtool'
LIPO=''
LN_S='ln -s'
LTLDFLAGS='-version-info 1:0:1 -no-undefined'
LTLIBOBJS=''
MAINT='#'
MAINTAINER_MODE_FALSE=''
MAINTAINER_MODE_TRUE='#'
MAKEINFO='${SHELL} /home/test/sgminer-gridseed-GBlade/compat/libusb-1.0/missing makeinfo'
MANIFEST_TOOL=':'
MKDIR_P='/bin/mkdir -p'
NM='/usr/bin/nm -B'
NMEDIT=''
OBJDUMP='objdump'
OBJEXT='o'
OS_DARWIN=''
OS_DARWIN_FALSE=''
OS_DARWIN_TRUE='#'
OS_LINUX=''
OS_LINUX_FALSE='#'
OS_LINUX_TRUE=''
OS_OPENBSD=''
OS_OPENBSD_FALSE=''
OS_OPENBSD_TRUE='#'
OS_WINDOWS=''
OS_WINDOWS_FALSE=''
OS_WINDOWS_TRUE='#'
OTOOL64=''
OTOOL=''
PACKAGE='libusbx'
PACKAGE_BUGREPORT='libusbx-devel@lists.sourceforge.net'
PACKAGE_NAME='libusbx'
PACKAGE_STRING='libusbx 1.0.16'
PACKAGE_TARNAME='libusbx'
PACKAGE_URL='http://libusbx.org'
PACKAGE_VERSION='1.0.16'
PATH_SEPARATOR=':'
RANLIB='ranlib'
RC=''
SED='/bin/sed'
SET_MAKE=''
SHELL='/bin/bash'
STRIP='strip'
THREADS_POSIX_FALSE='#'
THREADS_POSIX_TRUE=''
USE_UDEV=''
USE_UDEV_FALSE='#'
USE_UDEV_TRUE=''
VERSION='1.0.16'
ac_ct_AR='ar'
ac_ct_CC='gcc'
ac_ct_DUMPBIN=''
am__EXEEXT_FALSE=''
am__EXEEXT_TRUE='#'
am__fastdepCC_FALSE='#'
am__fastdepCC_TRUE=''
am__include='include'
am__isrc=''
am__leading_dot='.'
am__nodep='_no'
am__quote=''
am__tar='$${TAR-tar} chof - "$$tardir"'
am__untar='$${TAR-tar} xf -'
bindir='${exec_prefix}/bin'
build='x86_64-unknown-linux-gnu'
build_alias=''
build_cpu='x86_64'
build_os='linux-gnu'
build_vendor='unknown'
datadir='${datarootdir}'
datarootdir='${prefix}/share'
docdir='${datarootdir}/doc/${PACKAGE_TARNAME}'
dvidir='${docdir}'
exec_prefix='${prefix}'
host='x86_64-unknown-linux-gnu'
host_alias=''
host_cpu='x86_64'
host_os='linux-gnu'
host_vendor='unknown'
htmldir='${docdir}'
includedir='${prefix}/include'
infodir='${datarootdir}/info'
install_sh='${SHELL} /home/test/sgminer-gridseed-GBlade/compat/libusb-1.0/install-sh'
libdir='${exec_prefix}/lib'
libexecdir='${exec_prefix}/libexec'
localedir='${datarootdir}/locale'
localstatedir='${prefix}/var'
mandir='${datarootdir}/man'
mkdir_p='$(MKDIR_P)'
oldincludedir='/usr/include'
pdfdir='${docdir}'
prefix='/usr/local'
program_transform_name='s,x,x,'
psdir='${docdir}'
sbindir='${exec_prefix}/sbin'
sharedstatedir='${prefix}/com'
sysconfdir='${prefix}/etc'
target_alias=''

## ----------- ##
## confdefs.h. ##
## ----------- ##

/* confdefs.h */
#define PACKAGE_NAME "libusbx"
#define PACKAGE_TARNAME "libusbx"
#define PACKAGE_VERSION "1.0.16"
#define PACKAGE_STRING "libusbx 1.0.16"
#define PACKAGE_BUGREPORT "libusbx-devel@lists.sourceforge.net"
#define PACKAGE_URL "http://libusbx.org"
#define PACKAGE "libusbx"
#define VERSION "1.0.16"
#define STDC_HEADERS 1
#define HAVE_SYS_TYPES_H 1
#define HAVE_SYS_STAT_H 1
#define HAVE_STDLIB_H 1
#define HAVE_STRING_H 1
#define HAVE_MEMORY_H 1
#define HAVE_STRINGS_H 1
#define HAVE_INTTYPES_H 1
#define HAVE_STDINT_H 1
#define HAVE_UNISTD_H 1
#define HAVE_DLFCN_H 1
#define LT_OBJDIR ".libs/"
#define _GNU_SOURCE 1
#define OS_LINUX 1
#define HAVE_LIBUDEV_H 1
#define HAVE_LIBUDEV 1
#define USE_UDEV 1
#define HAVE_POLL_H 1
#define POLL_NFDS_TYPE nfds_t
#define THREADS_POSIX 1
#define USBI_TIMERFD_AVAILABLE 1
#define HAVE_STRUCT_TIMESPEC 1
#define ENABLE_LOGGING 1
#define DEFAULT_VISIBILITY __attribute__((visibility("default")))
#define HAVE_SYS_TIME_H 1
#define HAVE_GETTIMEOFDAY 1
#define HAVE_SIGNAL_H 1

configure: exit 0
